
Fruta: 1, treino: treinos/acerola_34im.xml, canal: 0, threshold: 10, cortar blobs: 1, distance transform: 0
	F-measure: 0.116741

Fruta: 1, treino: treinos/acerola_34im.xml, canal: 0, threshold: 20, cortar blobs: 1, distance transform: 0
	F-measure: 0.260279

Fruta: 1, treino: treinos/acerola_34im.xml, canal: 0, threshold: 30, cortar blobs: 1, distance transform: 0
	F-measure: 0.433974

Fruta: 1, treino: treinos/acerola_34im.xml, canal: 0, threshold: 40, cortar blobs: 1, distance transform: 0
	F-measure: 0.570847

Fruta: 1, treino: treinos/acerola_34im.xml, canal: 0, threshold: 50, cortar blobs: 1, distance transform: 0
	F-measure: 0.640428

Fruta: 1, treino: treinos/acerola_34im.xml, canal: 0, threshold: 60, cortar blobs: 1, distance transform: 0
	F-measure: 0.689732

Fruta: 1, treino: treinos/acerola_34im.xml, canal: 0, threshold: 70, cortar blobs: 1, distance transform: 0
	F-measure: 0.691756

Fruta: 1, treino: treinos/acerola_34im.xml, canal: 0, threshold: 80, cortar blobs: 1, distance transform: 0
	F-measure: 0.684564

Fruta: 1, treino: treinos/acerola_34im.xml, canal: 0, threshold: 90, cortar blobs: 1, distance transform: 0
	F-measure: 0.679827

Fruta: 1, treino: treinos/acerola_34im.xml, canal: 0, threshold: 100, cortar blobs: 1, distance transform: 0
	F-measure: 0.669178

Fruta: 1, treino: treinos/acerola_34im.xml, canal: 1, threshold: 10, cortar blobs: 1, distance transform: 0
	F-measure: 0.361829

Fruta: 1, treino: treinos/acerola_34im.xml, canal: 1, threshold: 20, cortar blobs: 1, distance transform: 0
	F-measure: 0.660321

Fruta: 1, treino: treinos/acerola_34im.xml, canal: 1, threshold: 30, cortar blobs: 1, distance transform: 0
	F-measure: 0.666667

Fruta: 1, treino: treinos/acerola_34im.xml, canal: 1, threshold: 40, cortar blobs: 1, distance transform: 0
	F-measure: 0.664146

Fruta: 1, treino: treinos/acerola_34im.xml, canal: 1, threshold: 50, cortar blobs: 1, distance transform: 0
	F-measure: 0.664541

Fruta: 1, treino: treinos/acerola_34im.xml, canal: 1, threshold: 60, cortar blobs: 1, distance transform: 0
	F-measure: 0.662821

Fruta: 1, treino: treinos/acerola_34im.xml, canal: 1, threshold: 70, cortar blobs: 1, distance transform: 0
	F-measure: 0.662821

Fruta: 1, treino: treinos/acerola_34im.xml, canal: 1, threshold: 80, cortar blobs: 1, distance transform: 0
	F-measure: 0.662821

Fruta: 1, treino: treinos/acerola_34im.xml, canal: 1, threshold: 90, cortar blobs: 1, distance transform: 0
	F-measure: 0.662821

Fruta: 1, treino: treinos/acerola_34im.xml, canal: 1, threshold: 100, cortar blobs: 1, distance transform: 0
	F-measure: 0.662821

Fruta: 1, treino: treinos/acerola_34im.xml, canal: 2, threshold: 10, cortar blobs: 1, distance transform: 0
	F-measure: 0.450852

Fruta: 1, treino: treinos/acerola_34im.xml, canal: 2, threshold: 20, cortar blobs: 1, distance transform: 0
	F-measure: 0.612542

Fruta: 1, treino: treinos/acerola_34im.xml, canal: 2, threshold: 30, cortar blobs: 1, distance transform: 0
	F-measure: 0.646192

Fruta: 1, treino: treinos/acerola_34im.xml, canal: 2, threshold: 40, cortar blobs: 1, distance transform: 0
	F-measure: 0.655717

Fruta: 1, treino: treinos/acerola_34im.xml, canal: 2, threshold: 50, cortar blobs: 1, distance transform: 0
	F-measure: 0.662821

Fruta: 1, treino: treinos/acerola_34im.xml, canal: 2, threshold: 60, cortar blobs: 1, distance transform: 0
	F-measure: 0.662821

Fruta: 1, treino: treinos/acerola_34im.xml, canal: 2, threshold: 70, cortar blobs: 1, distance transform: 0
	F-measure: 0.662821

Fruta: 1, treino: treinos/acerola_34im.xml, canal: 2, threshold: 80, cortar blobs: 1, distance transform: 0
	F-measure: 0.662821

Fruta: 1, treino: treinos/acerola_34im.xml, canal: 2, threshold: 90, cortar blobs: 1, distance transform: 0
	F-measure: 0.662821

Fruta: 1, treino: treinos/acerola_34im.xml, canal: 2, threshold: 100, cortar blobs: 1, distance transform: 0
	F-measure: 0.662821

Fruta: 1, treino: treinos/acerola_34im.xml, canal: 0, threshold: 10, cortar blobs: 1, distance transform: 1
	F-measure: 0.385472

Fruta: 1, treino: treinos/acerola_34im.xml, canal: 0, threshold: 20, cortar blobs: 1, distance transform: 1
	F-measure: 0.545746

Fruta: 1, treino: treinos/acerola_34im.xml, canal: 0, threshold: 30, cortar blobs: 1, distance transform: 1
	F-measure: 0.584192

Fruta: 1, treino: treinos/acerola_34im.xml, canal: 0, threshold: 40, cortar blobs: 1, distance transform: 1
	F-measure: 0.574032

Fruta: 1, treino: treinos/acerola_34im.xml, canal: 0, threshold: 50, cortar blobs: 1, distance transform: 1
	F-measure: 0.582382

Fruta: 1, treino: treinos/acerola_34im.xml, canal: 0, threshold: 60, cortar blobs: 1, distance transform: 1
	F-measure: 0.548552

Fruta: 1, treino: treinos/acerola_34im.xml, canal: 0, threshold: 70, cortar blobs: 1, distance transform: 1
	F-measure: 0.536842

Fruta: 1, treino: treinos/acerola_34im.xml, canal: 0, threshold: 80, cortar blobs: 1, distance transform: 1
	F-measure: 0.528369

Fruta: 1, treino: treinos/acerola_34im.xml, canal: 0, threshold: 90, cortar blobs: 1, distance transform: 1
	F-measure: 0.527531

Fruta: 1, treino: treinos/acerola_34im.xml, canal: 0, threshold: 100, cortar blobs: 1, distance transform: 1
	F-measure: 0.521429

Fruta: 1, treino: treinos/acerola_34im.xml, canal: 1, threshold: 10, cortar blobs: 1, distance transform: 1
	F-measure: 0.52968

Fruta: 1, treino: treinos/acerola_34im.xml, canal: 1, threshold: 20, cortar blobs: 1, distance transform: 1
	F-measure: 0.548173

Fruta: 1, treino: treinos/acerola_34im.xml, canal: 1, threshold: 30, cortar blobs: 1, distance transform: 1
	F-measure: 0.537313

Fruta: 1, treino: treinos/acerola_34im.xml, canal: 1, threshold: 40, cortar blobs: 1, distance transform: 1
	F-measure: 0.517857

Fruta: 1, treino: treinos/acerola_34im.xml, canal: 1, threshold: 50, cortar blobs: 1, distance transform: 1
	F-measure: 0.516129

Fruta: 1, treino: treinos/acerola_34im.xml, canal: 1, threshold: 60, cortar blobs: 1, distance transform: 1
	F-measure: 0.516129

Fruta: 1, treino: treinos/acerola_34im.xml, canal: 1, threshold: 70, cortar blobs: 1, distance transform: 1
	F-measure: 0.516129

Fruta: 1, treino: treinos/acerola_34im.xml, canal: 1, threshold: 80, cortar blobs: 1, distance transform: 1
	F-measure: 0.516129

Fruta: 1, treino: treinos/acerola_34im.xml, canal: 1, threshold: 90, cortar blobs: 1, distance transform: 1
	F-measure: 0.516129

Fruta: 1, treino: treinos/acerola_34im.xml, canal: 1, threshold: 100, cortar blobs: 1, distance transform: 1
	F-measure: 0.516129

Fruta: 1, treino: treinos/acerola_34im.xml, canal: 2, threshold: 10, cortar blobs: 1, distance transform: 1
	F-measure: 0.507937

Fruta: 1, treino: treinos/acerola_34im.xml, canal: 2, threshold: 20, cortar blobs: 1, distance transform: 1
	F-measure: 0.529813

Fruta: 1, treino: treinos/acerola_34im.xml, canal: 2, threshold: 30, cortar blobs: 1, distance transform: 1
	F-measure: 0.520499

Fruta: 1, treino: treinos/acerola_34im.xml, canal: 2, threshold: 40, cortar blobs: 1, distance transform: 1
	F-measure: 0.517457

Fruta: 1, treino: treinos/acerola_34im.xml, canal: 2, threshold: 50, cortar blobs: 1, distance transform: 1
	F-measure: 0.516129

Fruta: 1, treino: treinos/acerola_34im.xml, canal: 2, threshold: 60, cortar blobs: 1, distance transform: 1
	F-measure: 0.516129

Fruta: 1, treino: treinos/acerola_34im.xml, canal: 2, threshold: 70, cortar blobs: 1, distance transform: 1
	F-measure: 0.516129

Fruta: 1, treino: treinos/acerola_34im.xml, canal: 2, threshold: 80, cortar blobs: 1, distance transform: 1
	F-measure: 0.516129

Fruta: 1, treino: treinos/acerola_34im.xml, canal: 2, threshold: 90, cortar blobs: 1, distance transform: 1
	F-measure: 0.516129

Fruta: 1, treino: treinos/acerola_34im.xml, canal: 2, threshold: 100, cortar blobs: 1, distance transform: 1
	F-measure: 0.516129

Fruta: 2, treino: treinos/laranja_33im.xml, canal: 0, threshold: 10, cortar blobs: 1, distance transform: 0
	F-measure: 0.0798743

Fruta: 2, treino: treinos/laranja_33im.xml, canal: 0, threshold: 20, cortar blobs: 1, distance transform: 0
	F-measure: 0.14552

Fruta: 2, treino: treinos/laranja_33im.xml, canal: 0, threshold: 30, cortar blobs: 1, distance transform: 0
	F-measure: 0.213526

Fruta: 2, treino: treinos/laranja_33im.xml, canal: 0, threshold: 40, cortar blobs: 1, distance transform: 0
	F-measure: 0.279446

Fruta: 2, treino: treinos/laranja_33im.xml, canal: 0, threshold: 50, cortar blobs: 1, distance transform: 0
	F-measure: 0.345926

Fruta: 2, treino: treinos/laranja_33im.xml, canal: 0, threshold: 60, cortar blobs: 1, distance transform: 0
	F-measure: 0.40225

Fruta: 2, treino: treinos/laranja_33im.xml, canal: 0, threshold: 70, cortar blobs: 1, distance transform: 0
	F-measure: 0.438627

Fruta: 2, treino: treinos/laranja_33im.xml, canal: 0, threshold: 80, cortar blobs: 1, distance transform: 0
	F-measure: 0.467585

Fruta: 2, treino: treinos/laranja_33im.xml, canal: 0, threshold: 90, cortar blobs: 1, distance transform: 0
	F-measure: 0.49049

Fruta: 2, treino: treinos/laranja_33im.xml, canal: 0, threshold: 100, cortar blobs: 1, distance transform: 0
	F-measure: 0.502819

Fruta: 2, treino: treinos/laranja_33im.xml, canal: 1, threshold: 10, cortar blobs: 1, distance transform: 0
	F-measure: 0.350506

Fruta: 2, treino: treinos/laranja_33im.xml, canal: 1, threshold: 20, cortar blobs: 1, distance transform: 0
	F-measure: 0.485962

Fruta: 2, treino: treinos/laranja_33im.xml, canal: 1, threshold: 30, cortar blobs: 1, distance transform: 0
	F-measure: 0.503543

Fruta: 2, treino: treinos/laranja_33im.xml, canal: 1, threshold: 40, cortar blobs: 1, distance transform: 0
	F-measure: 0.5085

Fruta: 2, treino: treinos/laranja_33im.xml, canal: 1, threshold: 50, cortar blobs: 1, distance transform: 0
	F-measure: 0.511221

Fruta: 2, treino: treinos/laranja_33im.xml, canal: 1, threshold: 60, cortar blobs: 1, distance transform: 0
	F-measure: 0.512204

Fruta: 2, treino: treinos/laranja_33im.xml, canal: 1, threshold: 70, cortar blobs: 1, distance transform: 0
	F-measure: 0.512204

Fruta: 2, treino: treinos/laranja_33im.xml, canal: 1, threshold: 80, cortar blobs: 1, distance transform: 0
	F-measure: 0.512693

Fruta: 2, treino: treinos/laranja_33im.xml, canal: 1, threshold: 90, cortar blobs: 1, distance transform: 0
	F-measure: 0.512889

Fruta: 2, treino: treinos/laranja_33im.xml, canal: 1, threshold: 100, cortar blobs: 1, distance transform: 0
	F-measure: 0.512889

Fruta: 2, treino: treinos/laranja_33im.xml, canal: 2, threshold: 10, cortar blobs: 1, distance transform: 0
	F-measure: 0.245488

Fruta: 2, treino: treinos/laranja_33im.xml, canal: 2, threshold: 20, cortar blobs: 1, distance transform: 0
	F-measure: 0.460449

Fruta: 2, treino: treinos/laranja_33im.xml, canal: 2, threshold: 30, cortar blobs: 1, distance transform: 0
	F-measure: 0.497309

Fruta: 2, treino: treinos/laranja_33im.xml, canal: 2, threshold: 40, cortar blobs: 1, distance transform: 0
	F-measure: 0.512135

Fruta: 2, treino: treinos/laranja_33im.xml, canal: 2, threshold: 50, cortar blobs: 1, distance transform: 0
	F-measure: 0.514177

Fruta: 2, treino: treinos/laranja_33im.xml, canal: 2, threshold: 60, cortar blobs: 1, distance transform: 0
	F-measure: 0.512879

Fruta: 2, treino: treinos/laranja_33im.xml, canal: 2, threshold: 70, cortar blobs: 1, distance transform: 0
	F-measure: 0.512889

Fruta: 2, treino: treinos/laranja_33im.xml, canal: 2, threshold: 80, cortar blobs: 1, distance transform: 0
	F-measure: 0.512889

Fruta: 2, treino: treinos/laranja_33im.xml, canal: 2, threshold: 90, cortar blobs: 1, distance transform: 0
	F-measure: 0.512889

Fruta: 2, treino: treinos/laranja_33im.xml, canal: 2, threshold: 100, cortar blobs: 1, distance transform: 0
	F-measure: 0.512889

Fruta: 2, treino: treinos/laranja_33im.xml, canal: 0, threshold: 10, cortar blobs: 1, distance transform: 1
	F-measure: 0.388919

Fruta: 2, treino: treinos/laranja_33im.xml, canal: 0, threshold: 20, cortar blobs: 1, distance transform: 1
	F-measure: 0.613146

Fruta: 2, treino: treinos/laranja_33im.xml, canal: 0, threshold: 30, cortar blobs: 1, distance transform: 1
	F-measure: 0.646355

Fruta: 2, treino: treinos/laranja_33im.xml, canal: 0, threshold: 40, cortar blobs: 1, distance transform: 1
	F-measure: 0.658141

Fruta: 2, treino: treinos/laranja_33im.xml, canal: 0, threshold: 50, cortar blobs: 1, distance transform: 1
	F-measure: 0.670206

Fruta: 2, treino: treinos/laranja_33im.xml, canal: 0, threshold: 60, cortar blobs: 1, distance transform: 1
	F-measure: 0.677801

Fruta: 2, treino: treinos/laranja_33im.xml, canal: 0, threshold: 70, cortar blobs: 1, distance transform: 1
	F-measure: 0.686225

Fruta: 2, treino: treinos/laranja_33im.xml, canal: 0, threshold: 80, cortar blobs: 1, distance transform: 1
	F-measure: 0.674315

Fruta: 2, treino: treinos/laranja_33im.xml, canal: 0, threshold: 90, cortar blobs: 1, distance transform: 1
	F-measure: 0.663385

Fruta: 2, treino: treinos/laranja_33im.xml, canal: 0, threshold: 100, cortar blobs: 1, distance transform: 1
	F-measure: 0.662064

Fruta: 2, treino: treinos/laranja_33im.xml, canal: 1, threshold: 10, cortar blobs: 1, distance transform: 1
	F-measure: 0.676423

Fruta: 2, treino: treinos/laranja_33im.xml, canal: 1, threshold: 20, cortar blobs: 1, distance transform: 1
	F-measure: 0.671027

Fruta: 2, treino: treinos/laranja_33im.xml, canal: 1, threshold: 30, cortar blobs: 1, distance transform: 1
	F-measure: 0.657643

Fruta: 2, treino: treinos/laranja_33im.xml, canal: 1, threshold: 40, cortar blobs: 1, distance transform: 1
	F-measure: 0.653616

Fruta: 2, treino: treinos/laranja_33im.xml, canal: 1, threshold: 50, cortar blobs: 1, distance transform: 1
	F-measure: 0.653339

Fruta: 2, treino: treinos/laranja_33im.xml, canal: 1, threshold: 60, cortar blobs: 1, distance transform: 1
	F-measure: 0.651721

Fruta: 2, treino: treinos/laranja_33im.xml, canal: 1, threshold: 70, cortar blobs: 1, distance transform: 1
	F-measure: 0.651181

Fruta: 2, treino: treinos/laranja_33im.xml, canal: 1, threshold: 80, cortar blobs: 1, distance transform: 1
	F-measure: 0.651181

Fruta: 2, treino: treinos/laranja_33im.xml, canal: 1, threshold: 90, cortar blobs: 1, distance transform: 1
	F-measure: 0.651181

Fruta: 2, treino: treinos/laranja_33im.xml, canal: 1, threshold: 100, cortar blobs: 1, distance transform: 1
	F-measure: 0.651181

Fruta: 2, treino: treinos/laranja_33im.xml, canal: 2, threshold: 10, cortar blobs: 1, distance transform: 1
	F-measure: 0.606144

Fruta: 2, treino: treinos/laranja_33im.xml, canal: 2, threshold: 20, cortar blobs: 1, distance transform: 1
	F-measure: 0.664695

Fruta: 2, treino: treinos/laranja_33im.xml, canal: 2, threshold: 30, cortar blobs: 1, distance transform: 1
	F-measure: 0.664066

Fruta: 2, treino: treinos/laranja_33im.xml, canal: 2, threshold: 40, cortar blobs: 1, distance transform: 1
	F-measure: 0.659802

Fruta: 2, treino: treinos/laranja_33im.xml, canal: 2, threshold: 50, cortar blobs: 1, distance transform: 1
	F-measure: 0.6563

Fruta: 2, treino: treinos/laranja_33im.xml, canal: 2, threshold: 60, cortar blobs: 1, distance transform: 1
	F-measure: 0.651721

Fruta: 2, treino: treinos/laranja_33im.xml, canal: 2, threshold: 70, cortar blobs: 1, distance transform: 1
	F-measure: 0.651181

Fruta: 2, treino: treinos/laranja_33im.xml, canal: 2, threshold: 80, cortar blobs: 1, distance transform: 1
	F-measure: 0.651181

Fruta: 2, treino: treinos/laranja_33im.xml, canal: 2, threshold: 90, cortar blobs: 1, distance transform: 1
	F-measure: 0.651181

Fruta: 2, treino: treinos/laranja_33im.xml, canal: 2, threshold: 100, cortar blobs: 1, distance transform: 1
	F-measure: 0.651181

Fruta: 3, treino: ../morango_34im.xml, canal: 0, threshold: 10, cortar blobs: 1, distance transform: 0
	F-measure: 0.0915758

Fruta: 3, treino: ../morango_34im.xml, canal: 0, threshold: 20, cortar blobs: 1, distance transform: 0
	F-measure: 0.157907

Fruta: 3, treino: ../morango_34im.xml, canal: 0, threshold: 30, cortar blobs: 1, distance transform: 0
	F-measure: 0.248445

Fruta: 3, treino: ../morango_34im.xml, canal: 0, threshold: 40, cortar blobs: 1, distance transform: 0
	F-measure: 0.313268

Fruta: 3, treino: ../morango_34im.xml, canal: 0, threshold: 50, cortar blobs: 1, distance transform: 0
	F-measure: 0.344688

Fruta: 3, treino: ../morango_34im.xml, canal: 0, threshold: 60, cortar blobs: 1, distance transform: 0
	F-measure: 0.357548

Fruta: 3, treino: ../morango_34im.xml, canal: 0, threshold: 70, cortar blobs: 1, distance transform: 0
	F-measure: 0.368397

Fruta: 3, treino: ../morango_34im.xml, canal: 0, threshold: 80, cortar blobs: 1, distance transform: 0
	F-measure: 0.377264

Fruta: 3, treino: ../morango_34im.xml, canal: 0, threshold: 90, cortar blobs: 1, distance transform: 0
	F-measure: 0.377029

Fruta: 3, treino: ../morango_34im.xml, canal: 0, threshold: 100, cortar blobs: 1, distance transform: 0
	F-measure: 0.378248

Fruta: 3, treino: ../morango_34im.xml, canal: 1, threshold: 10, cortar blobs: 1, distance transform: 0
	F-measure: 0.299619

Fruta: 3, treino: ../morango_34im.xml, canal: 1, threshold: 20, cortar blobs: 1, distance transform: 0
	F-measure: 0.374938

Fruta: 3, treino: ../morango_34im.xml, canal: 1, threshold: 30, cortar blobs: 1, distance transform: 0
	F-measure: 0.37792

Fruta: 3, treino: ../morango_34im.xml, canal: 1, threshold: 40, cortar blobs: 1, distance transform: 0
	F-measure: 0.375669

Fruta: 3, treino: ../morango_34im.xml, canal: 1, threshold: 50, cortar blobs: 1, distance transform: 0
	F-measure: 0.377722

Fruta: 3, treino: ../morango_34im.xml, canal: 1, threshold: 60, cortar blobs: 1, distance transform: 0
	F-measure: 0.373869

Fruta: 3, treino: ../morango_34im.xml, canal: 1, threshold: 70, cortar blobs: 1, distance transform: 0
	F-measure: 0.370253

Fruta: 3, treino: ../morango_34im.xml, canal: 1, threshold: 80, cortar blobs: 1, distance transform: 0
	F-measure: 0.367994

Fruta: 3, treino: ../morango_34im.xml, canal: 1, threshold: 90, cortar blobs: 1, distance transform: 0
	F-measure: 0.367347

Fruta: 3, treino: ../morango_34im.xml, canal: 1, threshold: 100, cortar blobs: 1, distance transform: 0
	F-measure: 0.367347

Fruta: 3, treino: ../morango_34im.xml, canal: 2, threshold: 10, cortar blobs: 1, distance transform: 0
	F-measure: 0.268872

Fruta: 3, treino: ../morango_34im.xml, canal: 2, threshold: 20, cortar blobs: 1, distance transform: 0
	F-measure: 0.342437

Fruta: 3, treino: ../morango_34im.xml, canal: 2, threshold: 30, cortar blobs: 1, distance transform: 0
	F-measure: 0.358072

Fruta: 3, treino: ../morango_34im.xml, canal: 2, threshold: 40, cortar blobs: 1, distance transform: 0
	F-measure: 0.360637

Fruta: 3, treino: ../morango_34im.xml, canal: 2, threshold: 50, cortar blobs: 1, distance transform: 0
	F-measure: 0.365759

Fruta: 3, treino: ../morango_34im.xml, canal: 2, threshold: 60, cortar blobs: 1, distance transform: 0
	F-measure: 0.367468

Fruta: 3, treino: ../morango_34im.xml, canal: 2, threshold: 70, cortar blobs: 1, distance transform: 0
	F-measure: 0.368744

Fruta: 3, treino: ../morango_34im.xml, canal: 2, threshold: 80, cortar blobs: 1, distance transform: 0
	F-measure: 0.367347

Fruta: 3, treino: ../morango_34im.xml, canal: 2, threshold: 90, cortar blobs: 1, distance transform: 0
	F-measure: 0.367347

Fruta: 3, treino: ../morango_34im.xml, canal: 2, threshold: 100, cortar blobs: 1, distance transform: 0
	F-measure: 0.367347

Fruta: 3, treino: ../morango_34im.xml, canal: 0, threshold: 10, cortar blobs: 1, distance transform: 1
	F-measure: 0.263759

Fruta: 3, treino: ../morango_34im.xml, canal: 0, threshold: 20, cortar blobs: 1, distance transform: 1
	F-measure: 0.312536

Fruta: 3, treino: ../morango_34im.xml, canal: 0, threshold: 30, cortar blobs: 1, distance transform: 1
	F-measure: 0.341676

Fruta: 3, treino: ../morango_34im.xml, canal: 0, threshold: 40, cortar blobs: 1, distance transform: 1
	F-measure: 0.350491

Fruta: 3, treino: ../morango_34im.xml, canal: 0, threshold: 50, cortar blobs: 1, distance transform: 1
	F-measure: 0.349982

Fruta: 3, treino: ../morango_34im.xml, canal: 0, threshold: 60, cortar blobs: 1, distance transform: 1
	F-measure: 0.341998

Fruta: 3, treino: ../morango_34im.xml, canal: 0, threshold: 70, cortar blobs: 1, distance transform: 1
	F-measure: 0.320634

Fruta: 3, treino: ../morango_34im.xml, canal: 0, threshold: 80, cortar blobs: 1, distance transform: 1
	F-measure: 0.306207

Fruta: 3, treino: ../morango_34im.xml, canal: 0, threshold: 90, cortar blobs: 1, distance transform: 1
	F-measure: 0.29867

Fruta: 3, treino: ../morango_34im.xml, canal: 0, threshold: 100, cortar blobs: 1, distance transform: 1
	F-measure: 0.293262

Fruta: 3, treino: ../morango_34im.xml, canal: 1, threshold: 10, cortar blobs: 1, distance transform: 1
	F-measure: 0.31308

Fruta: 3, treino: ../morango_34im.xml, canal: 1, threshold: 20, cortar blobs: 1, distance transform: 1
	F-measure: 0.310259

Fruta: 3, treino: ../morango_34im.xml, canal: 1, threshold: 30, cortar blobs: 1, distance transform: 1
	F-measure: 0.291741

Fruta: 3, treino: ../morango_34im.xml, canal: 1, threshold: 40, cortar blobs: 1, distance transform: 1
	F-measure: 0.284356

Fruta: 3, treino: ../morango_34im.xml, canal: 1, threshold: 50, cortar blobs: 1, distance transform: 1
	F-measure: 0.281718

Fruta: 3, treino: ../morango_34im.xml, canal: 1, threshold: 60, cortar blobs: 1, distance transform: 1
	F-measure: 0.278942

Fruta: 3, treino: ../morango_34im.xml, canal: 1, threshold: 70, cortar blobs: 1, distance transform: 1
	F-measure: 0.274096

Fruta: 3, treino: ../morango_34im.xml, canal: 1, threshold: 80, cortar blobs: 1, distance transform: 1
	F-measure: 0.271493

Fruta: 3, treino: ../morango_34im.xml, canal: 1, threshold: 90, cortar blobs: 1, distance transform: 1
	F-measure: 0.271059

Fruta: 3, treino: ../morango_34im.xml, canal: 1, threshold: 100, cortar blobs: 1, distance transform: 1
	F-measure: 0.271059

Fruta: 3, treino: ../morango_34im.xml, canal: 2, threshold: 10, cortar blobs: 1, distance transform: 1
	F-measure: 0.283263

Fruta: 3, treino: ../morango_34im.xml, canal: 2, threshold: 20, cortar blobs: 1, distance transform: 1
	F-measure: 0.281094

Fruta: 3, treino: ../morango_34im.xml, canal: 2, threshold: 30, cortar blobs: 1, distance transform: 1
	F-measure: 0.273848

Fruta: 3, treino: ../morango_34im.xml, canal: 2, threshold: 40, cortar blobs: 1, distance transform: 1
	F-measure: 0.273409

Fruta: 3, treino: ../morango_34im.xml, canal: 2, threshold: 50, cortar blobs: 1, distance transform: 1
	F-measure: 0.273538

Fruta: 3, treino: ../morango_34im.xml, canal: 2, threshold: 60, cortar blobs: 1, distance transform: 1
	F-measure: 0.27448

Fruta: 3, treino: ../morango_34im.xml, canal: 2, threshold: 70, cortar blobs: 1, distance transform: 1
	F-measure: 0.272362

Fruta: 3, treino: ../morango_34im.xml, canal: 2, threshold: 80, cortar blobs: 1, distance transform: 1
	F-measure: 0.271493

Fruta: 3, treino: ../morango_34im.xml, canal: 2, threshold: 90, cortar blobs: 1, distance transform: 1
	F-measure: 0.271059

Fruta: 3, treino: ../morango_34im.xml, canal: 2, threshold: 100, cortar blobs: 1, distance transform: 1
	F-measure: 0.271059

Fruta: 2, treino: treinos/pessego_10im.xml, canal: 0, threshold: 10, cortar blobs: 1, distance transform: 0
	F-measure: 0.0992338

Fruta: 2, treino: treinos/pessego_10im.xml, canal: 0, threshold: 20, cortar blobs: 1, distance transform: 0
	F-measure: 0.186395

Fruta: 2, treino: treinos/pessego_10im.xml, canal: 0, threshold: 30, cortar blobs: 1, distance transform: 0
	F-measure: 0.267115

Fruta: 2, treino: treinos/pessego_10im.xml, canal: 0, threshold: 40, cortar blobs: 1, distance transform: 0
	F-measure: 0.342423

Fruta: 2, treino: treinos/pessego_10im.xml, canal: 0, threshold: 50, cortar blobs: 1, distance transform: 0
	F-measure: 0.40566

Fruta: 2, treino: treinos/pessego_10im.xml, canal: 0, threshold: 60, cortar blobs: 1, distance transform: 0
	F-measure: 0.466522

Fruta: 2, treino: treinos/pessego_10im.xml, canal: 0, threshold: 70, cortar blobs: 1, distance transform: 0
	F-measure: 0.508787

Fruta: 2, treino: treinos/pessego_10im.xml, canal: 0, threshold: 80, cortar blobs: 1, distance transform: 0
	F-measure: 0.551046

Fruta: 2, treino: treinos/pessego_10im.xml, canal: 0, threshold: 90, cortar blobs: 1, distance transform: 0
	F-measure: 0.581869

Fruta: 2, treino: treinos/pessego_10im.xml, canal: 0, threshold: 100, cortar blobs: 1, distance transform: 0
	F-measure: 0.600738

Fruta: 2, treino: treinos/pessego_10im.xml, canal: 1, threshold: 10, cortar blobs: 1, distance transform: 0
	F-measure: 0.391468

Fruta: 2, treino: treinos/pessego_10im.xml, canal: 1, threshold: 20, cortar blobs: 1, distance transform: 0
	F-measure: 0.546419

Fruta: 2, treino: treinos/pessego_10im.xml, canal: 1, threshold: 30, cortar blobs: 1, distance transform: 0
	F-measure: 0.585163

Fruta: 2, treino: treinos/pessego_10im.xml, canal: 1, threshold: 40, cortar blobs: 1, distance transform: 0
	F-measure: 0.599468

Fruta: 2, treino: treinos/pessego_10im.xml, canal: 1, threshold: 50, cortar blobs: 1, distance transform: 0
	F-measure: 0.60552

Fruta: 2, treino: treinos/pessego_10im.xml, canal: 1, threshold: 60, cortar blobs: 1, distance transform: 0
	F-measure: 0.606035

Fruta: 2, treino: treinos/pessego_10im.xml, canal: 1, threshold: 70, cortar blobs: 1, distance transform: 0
	F-measure: 0.60654

Fruta: 2, treino: treinos/pessego_10im.xml, canal: 1, threshold: 80, cortar blobs: 1, distance transform: 0
	F-measure: 0.606667

Fruta: 2, treino: treinos/pessego_10im.xml, canal: 1, threshold: 90, cortar blobs: 1, distance transform: 0
	F-measure: 0.606667

Fruta: 2, treino: treinos/pessego_10im.xml, canal: 1, threshold: 100, cortar blobs: 1, distance transform: 0
	F-measure: 0.606667

Fruta: 2, treino: treinos/pessego_10im.xml, canal: 2, threshold: 10, cortar blobs: 1, distance transform: 0
	F-measure: 0.310689

Fruta: 2, treino: treinos/pessego_10im.xml, canal: 2, threshold: 20, cortar blobs: 1, distance transform: 0
	F-measure: 0.53999

Fruta: 2, treino: treinos/pessego_10im.xml, canal: 2, threshold: 30, cortar blobs: 1, distance transform: 0
	F-measure: 0.586403

Fruta: 2, treino: treinos/pessego_10im.xml, canal: 2, threshold: 40, cortar blobs: 1, distance transform: 0
	F-measure: 0.598865

Fruta: 2, treino: treinos/pessego_10im.xml, canal: 2, threshold: 50, cortar blobs: 1, distance transform: 0
	F-measure: 0.603299

Fruta: 2, treino: treinos/pessego_10im.xml, canal: 2, threshold: 60, cortar blobs: 1, distance transform: 0
	F-measure: 0.606401

Fruta: 2, treino: treinos/pessego_10im.xml, canal: 2, threshold: 70, cortar blobs: 1, distance transform: 0
	F-measure: 0.606578

Fruta: 2, treino: treinos/pessego_10im.xml, canal: 2, threshold: 80, cortar blobs: 1, distance transform: 0
	F-measure: 0.606667

Fruta: 2, treino: treinos/pessego_10im.xml, canal: 2, threshold: 90, cortar blobs: 1, distance transform: 0
	F-measure: 0.606667

Fruta: 2, treino: treinos/pessego_10im.xml, canal: 2, threshold: 100, cortar blobs: 1, distance transform: 0
	F-measure: 0.606667

Fruta: 2, treino: treinos/pessego_10im.xml, canal: 0, threshold: 10, cortar blobs: 1, distance transform: 1
	F-measure: 0.355281

Fruta: 2, treino: treinos/pessego_10im.xml, canal: 0, threshold: 20, cortar blobs: 1, distance transform: 1
	F-measure: 0.58465

Fruta: 2, treino: treinos/pessego_10im.xml, canal: 0, threshold: 30, cortar blobs: 1, distance transform: 1
	F-measure: 0.628313

Fruta: 2, treino: treinos/pessego_10im.xml, canal: 0, threshold: 40, cortar blobs: 1, distance transform: 1
	F-measure: 0.648092

Fruta: 2, treino: treinos/pessego_10im.xml, canal: 0, threshold: 50, cortar blobs: 1, distance transform: 1
	F-measure: 0.646707

Fruta: 2, treino: treinos/pessego_10im.xml, canal: 0, threshold: 60, cortar blobs: 1, distance transform: 1
	F-measure: 0.645217

Fruta: 2, treino: treinos/pessego_10im.xml, canal: 0, threshold: 70, cortar blobs: 1, distance transform: 1
	F-measure: 0.655416

Fruta: 2, treino: treinos/pessego_10im.xml, canal: 0, threshold: 80, cortar blobs: 1, distance transform: 1
	F-measure: 0.641558

Fruta: 2, treino: treinos/pessego_10im.xml, canal: 0, threshold: 90, cortar blobs: 1, distance transform: 1
	F-measure: 0.634691

Fruta: 2, treino: treinos/pessego_10im.xml, canal: 0, threshold: 100, cortar blobs: 1, distance transform: 1
	F-measure: 0.620202

Fruta: 2, treino: treinos/pessego_10im.xml, canal: 1, threshold: 10, cortar blobs: 1, distance transform: 1
	F-measure: 0.660393

Fruta: 2, treino: treinos/pessego_10im.xml, canal: 1, threshold: 20, cortar blobs: 1, distance transform: 1
	F-measure: 0.610961

Fruta: 2, treino: treinos/pessego_10im.xml, canal: 1, threshold: 30, cortar blobs: 1, distance transform: 1
	F-measure: 0.591815

Fruta: 2, treino: treinos/pessego_10im.xml, canal: 1, threshold: 40, cortar blobs: 1, distance transform: 1
	F-measure: 0.583803

Fruta: 2, treino: treinos/pessego_10im.xml, canal: 1, threshold: 50, cortar blobs: 1, distance transform: 1
	F-measure: 0.578799

Fruta: 2, treino: treinos/pessego_10im.xml, canal: 1, threshold: 60, cortar blobs: 1, distance transform: 1
	F-measure: 0.578296

Fruta: 2, treino: treinos/pessego_10im.xml, canal: 1, threshold: 70, cortar blobs: 1, distance transform: 1
	F-measure: 0.578296

Fruta: 2, treino: treinos/pessego_10im.xml, canal: 1, threshold: 80, cortar blobs: 1, distance transform: 1
	F-measure: 0.578296

Fruta: 2, treino: treinos/pessego_10im.xml, canal: 1, threshold: 90, cortar blobs: 1, distance transform: 1
	F-measure: 0.578296

Fruta: 2, treino: treinos/pessego_10im.xml, canal: 1, threshold: 100, cortar blobs: 1, distance transform: 1
	F-measure: 0.578296

Fruta: 2, treino: treinos/pessego_10im.xml, canal: 2, threshold: 10, cortar blobs: 1, distance transform: 1
	F-measure: 0.612964

Fruta: 2, treino: treinos/pessego_10im.xml, canal: 2, threshold: 20, cortar blobs: 1, distance transform: 1
	F-measure: 0.640984

Fruta: 2, treino: treinos/pessego_10im.xml, canal: 2, threshold: 30, cortar blobs: 1, distance transform: 1
	F-measure: 0.622603

Fruta: 2, treino: treinos/pessego_10im.xml, canal: 2, threshold: 40, cortar blobs: 1, distance transform: 1
	F-measure: 0.584799

Fruta: 2, treino: treinos/pessego_10im.xml, canal: 2, threshold: 50, cortar blobs: 1, distance transform: 1
	F-measure: 0.578799

Fruta: 2, treino: treinos/pessego_10im.xml, canal: 2, threshold: 60, cortar blobs: 1, distance transform: 1
	F-measure: 0.578799

Fruta: 2, treino: treinos/pessego_10im.xml, canal: 2, threshold: 70, cortar blobs: 1, distance transform: 1
	F-measure: 0.578296

Fruta: 2, treino: treinos/pessego_10im.xml, canal: 2, threshold: 80, cortar blobs: 1, distance transform: 1
	F-measure: 0.578296

Fruta: 2, treino: treinos/pessego_10im.xml, canal: 2, threshold: 90, cortar blobs: 1, distance transform: 1
	F-measure: 0.578296

Fruta: 2, treino: treinos/pessego_10im.xml, canal: 2, threshold: 100, cortar blobs: 1, distance transform: 1
	F-measure: 0.578296

Fruta: 7, treino: treinos/cereja_15im.xml, canal: 0, threshold: 10, cortar blobs: 1, distance transform: 0
	F-measure: 0.0582969

Fruta: 7, treino: treinos/cereja_15im.xml, canal: 0, threshold: 20, cortar blobs: 1, distance transform: 0
	F-measure: 0.118102

Fruta: 7, treino: treinos/cereja_15im.xml, canal: 0, threshold: 30, cortar blobs: 1, distance transform: 0
	F-measure: 0.184941

Fruta: 7, treino: treinos/cereja_15im.xml, canal: 0, threshold: 40, cortar blobs: 1, distance transform: 0
	F-measure: 0.262264

Fruta: 7, treino: treinos/cereja_15im.xml, canal: 0, threshold: 50, cortar blobs: 1, distance transform: 0
	F-measure: 0.348866

Fruta: 7, treino: treinos/cereja_15im.xml, canal: 0, threshold: 60, cortar blobs: 1, distance transform: 0
	F-measure: 0.430141

Fruta: 7, treino: treinos/cereja_15im.xml, canal: 0, threshold: 70, cortar blobs: 1, distance transform: 0
	F-measure: 0.486085

Fruta: 7, treino: treinos/cereja_15im.xml, canal: 0, threshold: 80, cortar blobs: 1, distance transform: 0
	F-measure: 0.541254

Fruta: 7, treino: treinos/cereja_15im.xml, canal: 0, threshold: 90, cortar blobs: 1, distance transform: 0
	F-measure: 0.553341

Fruta: 7, treino: treinos/cereja_15im.xml, canal: 0, threshold: 100, cortar blobs: 1, distance transform: 0
	F-measure: 0.578065

Fruta: 7, treino: treinos/cereja_15im.xml, canal: 1, threshold: 10, cortar blobs: 1, distance transform: 0
	F-measure: 0.231613

Fruta: 7, treino: treinos/cereja_15im.xml, canal: 1, threshold: 20, cortar blobs: 1, distance transform: 0
	F-measure: 0.557225

Fruta: 7, treino: treinos/cereja_15im.xml, canal: 1, threshold: 30, cortar blobs: 1, distance transform: 0
	F-measure: 0.668596

Fruta: 7, treino: treinos/cereja_15im.xml, canal: 1, threshold: 40, cortar blobs: 1, distance transform: 0
	F-measure: 0.665639

Fruta: 7, treino: treinos/cereja_15im.xml, canal: 1, threshold: 50, cortar blobs: 1, distance transform: 0
	F-measure: 0.659341

Fruta: 7, treino: treinos/cereja_15im.xml, canal: 1, threshold: 60, cortar blobs: 1, distance transform: 0
	F-measure: 0.657233

Fruta: 7, treino: treinos/cereja_15im.xml, canal: 1, threshold: 70, cortar blobs: 1, distance transform: 0
	F-measure: 0.655118

Fruta: 7, treino: treinos/cereja_15im.xml, canal: 1, threshold: 80, cortar blobs: 1, distance transform: 0
	F-measure: 0.655118

Fruta: 7, treino: treinos/cereja_15im.xml, canal: 1, threshold: 90, cortar blobs: 1, distance transform: 0
	F-measure: 0.655118

Fruta: 7, treino: treinos/cereja_15im.xml, canal: 1, threshold: 100, cortar blobs: 1, distance transform: 0
	F-measure: 0.655118

Fruta: 7, treino: treinos/cereja_15im.xml, canal: 2, threshold: 10, cortar blobs: 1, distance transform: 0
	F-measure: 0.239552

Fruta: 7, treino: treinos/cereja_15im.xml, canal: 2, threshold: 20, cortar blobs: 1, distance transform: 0
	F-measure: 0.542212

Fruta: 7, treino: treinos/cereja_15im.xml, canal: 2, threshold: 30, cortar blobs: 1, distance transform: 0
	F-measure: 0.613603

Fruta: 7, treino: treinos/cereja_15im.xml, canal: 2, threshold: 40, cortar blobs: 1, distance transform: 0
	F-measure: 0.652106

Fruta: 7, treino: treinos/cereja_15im.xml, canal: 2, threshold: 50, cortar blobs: 1, distance transform: 0
	F-measure: 0.655118

Fruta: 7, treino: treinos/cereja_15im.xml, canal: 2, threshold: 60, cortar blobs: 1, distance transform: 0
	F-measure: 0.655118

Fruta: 7, treino: treinos/cereja_15im.xml, canal: 2, threshold: 70, cortar blobs: 1, distance transform: 0
	F-measure: 0.655118

Fruta: 7, treino: treinos/cereja_15im.xml, canal: 2, threshold: 80, cortar blobs: 1, distance transform: 0
	F-measure: 0.655118

Fruta: 7, treino: treinos/cereja_15im.xml, canal: 2, threshold: 90, cortar blobs: 1, distance transform: 0
	F-measure: 0.655118

Fruta: 7, treino: treinos/cereja_15im.xml, canal: 2, threshold: 100, cortar blobs: 1, distance transform: 0
	F-measure: 0.655118

Fruta: 7, treino: treinos/cereja_15im.xml, canal: 0, threshold: 10, cortar blobs: 1, distance transform: 1
	F-measure: 0.237113

Fruta: 7, treino: treinos/cereja_15im.xml, canal: 0, threshold: 20, cortar blobs: 1, distance transform: 1
	F-measure: 0.367836

Fruta: 7, treino: treinos/cereja_15im.xml, canal: 0, threshold: 30, cortar blobs: 1, distance transform: 1
	F-measure: 0.447115

Fruta: 7, treino: treinos/cereja_15im.xml, canal: 0, threshold: 40, cortar blobs: 1, distance transform: 1
	F-measure: 0.492625

Fruta: 7, treino: treinos/cereja_15im.xml, canal: 0, threshold: 50, cortar blobs: 1, distance transform: 1
	F-measure: 0.531952

Fruta: 7, treino: treinos/cereja_15im.xml, canal: 0, threshold: 60, cortar blobs: 1, distance transform: 1
	F-measure: 0.529524

Fruta: 7, treino: treinos/cereja_15im.xml, canal: 0, threshold: 70, cortar blobs: 1, distance transform: 1
	F-measure: 0.544715

Fruta: 7, treino: treinos/cereja_15im.xml, canal: 0, threshold: 80, cortar blobs: 1, distance transform: 1
	F-measure: 0.555789

Fruta: 7, treino: treinos/cereja_15im.xml, canal: 0, threshold: 90, cortar blobs: 1, distance transform: 1
	F-measure: 0.563319

Fruta: 7, treino: treinos/cereja_15im.xml, canal: 0, threshold: 100, cortar blobs: 1, distance transform: 1
	F-measure: 0.556291

Fruta: 7, treino: treinos/cereja_15im.xml, canal: 1, threshold: 10, cortar blobs: 1, distance transform: 1
	F-measure: 0.460641

Fruta: 7, treino: treinos/cereja_15im.xml, canal: 1, threshold: 20, cortar blobs: 1, distance transform: 1
	F-measure: 0.544248

Fruta: 7, treino: treinos/cereja_15im.xml, canal: 1, threshold: 30, cortar blobs: 1, distance transform: 1
	F-measure: 0.545012

Fruta: 7, treino: treinos/cereja_15im.xml, canal: 1, threshold: 40, cortar blobs: 1, distance transform: 1
	F-measure: 0.54321

Fruta: 7, treino: treinos/cereja_15im.xml, canal: 1, threshold: 50, cortar blobs: 1, distance transform: 1
	F-measure: 0.527638

Fruta: 7, treino: treinos/cereja_15im.xml, canal: 1, threshold: 60, cortar blobs: 1, distance transform: 1
	F-measure: 0.527638

Fruta: 7, treino: treinos/cereja_15im.xml, canal: 1, threshold: 70, cortar blobs: 1, distance transform: 1
	F-measure: 0.527638

Fruta: 7, treino: treinos/cereja_15im.xml, canal: 1, threshold: 80, cortar blobs: 1, distance transform: 1
	F-measure: 0.527638

Fruta: 7, treino: treinos/cereja_15im.xml, canal: 1, threshold: 90, cortar blobs: 1, distance transform: 1
	F-measure: 0.527638

Fruta: 7, treino: treinos/cereja_15im.xml, canal: 1, threshold: 100, cortar blobs: 1, distance transform: 1
	F-measure: 0.527638

Fruta: 7, treino: treinos/cereja_15im.xml, canal: 2, threshold: 10, cortar blobs: 1, distance transform: 1
	F-measure: 0.379437

Fruta: 7, treino: treinos/cereja_15im.xml, canal: 2, threshold: 20, cortar blobs: 1, distance transform: 1
	F-measure: 0.444444

Fruta: 7, treino: treinos/cereja_15im.xml, canal: 2, threshold: 30, cortar blobs: 1, distance transform: 1
	F-measure: 0.504587

Fruta: 7, treino: treinos/cereja_15im.xml, canal: 2, threshold: 40, cortar blobs: 1, distance transform: 1
	F-measure: 0.534314

Fruta: 7, treino: treinos/cereja_15im.xml, canal: 2, threshold: 50, cortar blobs: 1, distance transform: 1
	F-measure: 0.527638

Fruta: 7, treino: treinos/cereja_15im.xml, canal: 2, threshold: 60, cortar blobs: 1, distance transform: 1
	F-measure: 0.527638

Fruta: 7, treino: treinos/cereja_15im.xml, canal: 2, threshold: 70, cortar blobs: 1, distance transform: 1
	F-measure: 0.527638

Fruta: 7, treino: treinos/cereja_15im.xml, canal: 2, threshold: 80, cortar blobs: 1, distance transform: 1
	F-measure: 0.527638

Fruta: 7, treino: treinos/cereja_15im.xml, canal: 2, threshold: 90, cortar blobs: 1, distance transform: 1
	F-measure: 0.527638

Fruta: 7, treino: treinos/cereja_15im.xml, canal: 2, threshold: 100, cortar blobs: 1, distance transform: 1
	F-measure: 0.527638

Fruta: 5, treino: treinos/manga_11im.xml, canal: 0, threshold: 10, cortar blobs: 1, distance transform: 0
	F-measure: 0.0258966

Fruta: 5, treino: treinos/manga_11im.xml, canal: 0, threshold: 20, cortar blobs: 1, distance transform: 0
	F-measure: 0.0526115

Fruta: 5, treino: treinos/manga_11im.xml, canal: 0, threshold: 30, cortar blobs: 1, distance transform: 0
	F-measure: 0.0878906

Fruta: 5, treino: treinos/manga_11im.xml, canal: 0, threshold: 40, cortar blobs: 1, distance transform: 0
	F-measure: 0.113416

Fruta: 5, treino: treinos/manga_11im.xml, canal: 0, threshold: 50, cortar blobs: 1, distance transform: 0
	F-measure: 0.142077

Fruta: 5, treino: treinos/manga_11im.xml, canal: 0, threshold: 60, cortar blobs: 1, distance transform: 0
	F-measure: 0.18

Fruta: 5, treino: treinos/manga_11im.xml, canal: 0, threshold: 70, cortar blobs: 1, distance transform: 0
	F-measure: 0.210621

Fruta: 5, treino: treinos/manga_11im.xml, canal: 0, threshold: 80, cortar blobs: 1, distance transform: 0
	F-measure: 0.243496

Fruta: 5, treino: treinos/manga_11im.xml, canal: 0, threshold: 90, cortar blobs: 1, distance transform: 0
	F-measure: 0.274326

Fruta: 5, treino: treinos/manga_11im.xml, canal: 0, threshold: 100, cortar blobs: 1, distance transform: 0
	F-measure: 0.295541

Fruta: 5, treino: treinos/manga_11im.xml, canal: 1, threshold: 10, cortar blobs: 1, distance transform: 0
	F-measure: 0.114603

Fruta: 5, treino: treinos/manga_11im.xml, canal: 1, threshold: 20, cortar blobs: 1, distance transform: 0
	F-measure: 0.235533

Fruta: 5, treino: treinos/manga_11im.xml, canal: 1, threshold: 30, cortar blobs: 1, distance transform: 0
	F-measure: 0.325386

Fruta: 5, treino: treinos/manga_11im.xml, canal: 1, threshold: 40, cortar blobs: 1, distance transform: 0
	F-measure: 0.41953

Fruta: 5, treino: treinos/manga_11im.xml, canal: 1, threshold: 50, cortar blobs: 1, distance transform: 0
	F-measure: 0.485356

Fruta: 5, treino: treinos/manga_11im.xml, canal: 1, threshold: 60, cortar blobs: 1, distance transform: 0
	F-measure: 0.488323

Fruta: 5, treino: treinos/manga_11im.xml, canal: 1, threshold: 70, cortar blobs: 1, distance transform: 0
	F-measure: 0.491453

Fruta: 5, treino: treinos/manga_11im.xml, canal: 1, threshold: 80, cortar blobs: 1, distance transform: 0
	F-measure: 0.493562

Fruta: 5, treino: treinos/manga_11im.xml, canal: 1, threshold: 90, cortar blobs: 1, distance transform: 0
	F-measure: 0.493562

Fruta: 5, treino: treinos/manga_11im.xml, canal: 1, threshold: 100, cortar blobs: 1, distance transform: 0
	F-measure: 0.493562

Fruta: 5, treino: treinos/manga_11im.xml, canal: 2, threshold: 10, cortar blobs: 1, distance transform: 0
	F-measure: 0.134078

Fruta: 5, treino: treinos/manga_11im.xml, canal: 2, threshold: 20, cortar blobs: 1, distance transform: 0
	F-measure: 0.264706

Fruta: 5, treino: treinos/manga_11im.xml, canal: 2, threshold: 30, cortar blobs: 1, distance transform: 0
	F-measure: 0.369427

Fruta: 5, treino: treinos/manga_11im.xml, canal: 2, threshold: 40, cortar blobs: 1, distance transform: 0
	F-measure: 0.46748

Fruta: 5, treino: treinos/manga_11im.xml, canal: 2, threshold: 50, cortar blobs: 1, distance transform: 0
	F-measure: 0.486258

Fruta: 5, treino: treinos/manga_11im.xml, canal: 2, threshold: 60, cortar blobs: 1, distance transform: 0
	F-measure: 0.491453

Fruta: 5, treino: treinos/manga_11im.xml, canal: 2, threshold: 70, cortar blobs: 1, distance transform: 0
	F-measure: 0.493562

Fruta: 5, treino: treinos/manga_11im.xml, canal: 2, threshold: 80, cortar blobs: 1, distance transform: 0
	F-measure: 0.493562

Fruta: 5, treino: treinos/manga_11im.xml, canal: 2, threshold: 90, cortar blobs: 1, distance transform: 0
	F-measure: 0.493562

Fruta: 5, treino: treinos/manga_11im.xml, canal: 2, threshold: 100, cortar blobs: 1, distance transform: 0
	F-measure: 0.493562

Fruta: 5, treino: treinos/manga_11im.xml, canal: 0, threshold: 10, cortar blobs: 1, distance transform: 1
	F-measure: 0.0810267

Fruta: 5, treino: treinos/manga_11im.xml, canal: 0, threshold: 20, cortar blobs: 1, distance transform: 1
	F-measure: 0.143109

Fruta: 5, treino: treinos/manga_11im.xml, canal: 0, threshold: 30, cortar blobs: 1, distance transform: 1
	F-measure: 0.19697

Fruta: 5, treino: treinos/manga_11im.xml, canal: 0, threshold: 40, cortar blobs: 1, distance transform: 1
	F-measure: 0.259918

Fruta: 5, treino: treinos/manga_11im.xml, canal: 0, threshold: 50, cortar blobs: 1, distance transform: 1
	F-measure: 0.308748

Fruta: 5, treino: treinos/manga_11im.xml, canal: 0, threshold: 60, cortar blobs: 1, distance transform: 1
	F-measure: 0.354582

Fruta: 5, treino: treinos/manga_11im.xml, canal: 0, threshold: 70, cortar blobs: 1, distance transform: 1
	F-measure: 0.4038

Fruta: 5, treino: treinos/manga_11im.xml, canal: 0, threshold: 80, cortar blobs: 1, distance transform: 1
	F-measure: 0.425316

Fruta: 5, treino: treinos/manga_11im.xml, canal: 0, threshold: 90, cortar blobs: 1, distance transform: 1
	F-measure: 0.438503

Fruta: 5, treino: treinos/manga_11im.xml, canal: 0, threshold: 100, cortar blobs: 1, distance transform: 1
	F-measure: 0.452722

Fruta: 5, treino: treinos/manga_11im.xml, canal: 1, threshold: 10, cortar blobs: 1, distance transform: 1
	F-measure: 0.241117

Fruta: 5, treino: treinos/manga_11im.xml, canal: 1, threshold: 20, cortar blobs: 1, distance transform: 1
	F-measure: 0.361949

Fruta: 5, treino: treinos/manga_11im.xml, canal: 1, threshold: 30, cortar blobs: 1, distance transform: 1
	F-measure: 0.482972

Fruta: 5, treino: treinos/manga_11im.xml, canal: 1, threshold: 40, cortar blobs: 1, distance transform: 1
	F-measure: 0.557143

Fruta: 5, treino: treinos/manga_11im.xml, canal: 1, threshold: 50, cortar blobs: 1, distance transform: 1
	F-measure: 0.524345

Fruta: 5, treino: treinos/manga_11im.xml, canal: 1, threshold: 60, cortar blobs: 1, distance transform: 1
	F-measure: 0.524345

Fruta: 5, treino: treinos/manga_11im.xml, canal: 1, threshold: 70, cortar blobs: 1, distance transform: 1
	F-measure: 0.524345

Fruta: 5, treino: treinos/manga_11im.xml, canal: 1, threshold: 80, cortar blobs: 1, distance transform: 1
	F-measure: 0.524345

Fruta: 5, treino: treinos/manga_11im.xml, canal: 1, threshold: 90, cortar blobs: 1, distance transform: 1
	F-measure: 0.524345

Fruta: 5, treino: treinos/manga_11im.xml, canal: 1, threshold: 100, cortar blobs: 1, distance transform: 1
	F-measure: 0.524345

Fruta: 5, treino: treinos/manga_11im.xml, canal: 2, threshold: 10, cortar blobs: 1, distance transform: 1
	F-measure: 0.278922

Fruta: 5, treino: treinos/manga_11im.xml, canal: 2, threshold: 20, cortar blobs: 1, distance transform: 1
	F-measure: 0.382353

Fruta: 5, treino: treinos/manga_11im.xml, canal: 2, threshold: 30, cortar blobs: 1, distance transform: 1
	F-measure: 0.55516

Fruta: 5, treino: treinos/manga_11im.xml, canal: 2, threshold: 40, cortar blobs: 1, distance transform: 1
	F-measure: 0.524345

Fruta: 5, treino: treinos/manga_11im.xml, canal: 2, threshold: 50, cortar blobs: 1, distance transform: 1
	F-measure: 0.524345

Fruta: 5, treino: treinos/manga_11im.xml, canal: 2, threshold: 60, cortar blobs: 1, distance transform: 1
	F-measure: 0.524345

Fruta: 5, treino: treinos/manga_11im.xml, canal: 2, threshold: 70, cortar blobs: 1, distance transform: 1
	F-measure: 0.524345

Fruta: 5, treino: treinos/manga_11im.xml, canal: 2, threshold: 80, cortar blobs: 1, distance transform: 1
	F-measure: 0.524345

Fruta: 5, treino: treinos/manga_11im.xml, canal: 2, threshold: 90, cortar blobs: 1, distance transform: 1
	F-measure: 0.524345

Fruta: 5, treino: treinos/manga_11im.xml, canal: 2, threshold: 100, cortar blobs: 1, distance transform: 1
	F-measure: 0.524345

Fruta: 8, treino: ../caju_46im.xml, canal: 0, threshold: 10, cortar blobs: 1, distance transform: 0
	F-measure: 0.00991736

Fruta: 8, treino: ../caju_46im.xml, canal: 0, threshold: 20, cortar blobs: 1, distance transform: 0
	F-measure: 0.029438

Fruta: 8, treino: ../caju_46im.xml, canal: 0, threshold: 30, cortar blobs: 1, distance transform: 0
	F-measure: 0.052506

Fruta: 8, treino: ../caju_46im.xml, canal: 0, threshold: 40, cortar blobs: 1, distance transform: 0
	F-measure: 0.0815822

Fruta: 8, treino: ../caju_46im.xml, canal: 0, threshold: 50, cortar blobs: 1, distance transform: 0
	F-measure: 0.106109

Fruta: 8, treino: ../caju_46im.xml, canal: 0, threshold: 60, cortar blobs: 1, distance transform: 0
	F-measure: 0.123364

Fruta: 8, treino: ../caju_46im.xml, canal: 0, threshold: 70, cortar blobs: 1, distance transform: 0
	F-measure: 0.130435

Fruta: 8, treino: ../caju_46im.xml, canal: 0, threshold: 80, cortar blobs: 1, distance transform: 0
	F-measure: 0.136646

Fruta: 8, treino: ../caju_46im.xml, canal: 0, threshold: 90, cortar blobs: 1, distance transform: 0
	F-measure: 0.144737

Fruta: 8, treino: ../caju_46im.xml, canal: 0, threshold: 100, cortar blobs: 1, distance transform: 0
	F-measure: 0.148984

Fruta: 8, treino: ../caju_46im.xml, canal: 1, threshold: 10, cortar blobs: 1, distance transform: 0
	F-measure: 0.0500759

Fruta: 8, treino: ../caju_46im.xml, canal: 1, threshold: 20, cortar blobs: 1, distance transform: 0
	F-measure: 0.122449

Fruta: 8, treino: ../caju_46im.xml, canal: 1, threshold: 30, cortar blobs: 1, distance transform: 0
	F-measure: 0.154567

Fruta: 8, treino: ../caju_46im.xml, canal: 1, threshold: 40, cortar blobs: 1, distance transform: 0
	F-measure: 0.157143

Fruta: 8, treino: ../caju_46im.xml, canal: 1, threshold: 50, cortar blobs: 1, distance transform: 0
	F-measure: 0.157518

Fruta: 8, treino: ../caju_46im.xml, canal: 1, threshold: 60, cortar blobs: 1, distance transform: 0
	F-measure: 0.157518

Fruta: 8, treino: ../caju_46im.xml, canal: 1, threshold: 70, cortar blobs: 1, distance transform: 0
	F-measure: 0.157518

Fruta: 8, treino: ../caju_46im.xml, canal: 1, threshold: 80, cortar blobs: 1, distance transform: 0
	F-measure: 0.157518

Fruta: 8, treino: ../caju_46im.xml, canal: 1, threshold: 90, cortar blobs: 1, distance transform: 0
	F-measure: 0.157518

Fruta: 8, treino: ../caju_46im.xml, canal: 1, threshold: 100, cortar blobs: 1, distance transform: 0
	F-measure: 0.157518

Fruta: 8, treino: ../caju_46im.xml, canal: 2, threshold: 10, cortar blobs: 1, distance transform: 0
	F-measure: 0.0781065

Fruta: 8, treino: ../caju_46im.xml, canal: 2, threshold: 20, cortar blobs: 1, distance transform: 0
	F-measure: 0.147651

Fruta: 8, treino: ../caju_46im.xml, canal: 2, threshold: 30, cortar blobs: 1, distance transform: 0
	F-measure: 0.156398

Fruta: 8, treino: ../caju_46im.xml, canal: 2, threshold: 40, cortar blobs: 1, distance transform: 0
	F-measure: 0.157518

Fruta: 8, treino: ../caju_46im.xml, canal: 2, threshold: 50, cortar blobs: 1, distance transform: 0
	F-measure: 0.157518

Fruta: 8, treino: ../caju_46im.xml, canal: 2, threshold: 60, cortar blobs: 1, distance transform: 0
	F-measure: 0.157518

Fruta: 8, treino: ../caju_46im.xml, canal: 2, threshold: 70, cortar blobs: 1, distance transform: 0
	F-measure: 0.157518

Fruta: 8, treino: ../caju_46im.xml, canal: 2, threshold: 80, cortar blobs: 1, distance transform: 0
	F-measure: 0.157518

Fruta: 8, treino: ../caju_46im.xml, canal: 2, threshold: 90, cortar blobs: 1, distance transform: 0
	F-measure: 0.157518

Fruta: 8, treino: ../caju_46im.xml, canal: 2, threshold: 100, cortar blobs: 1, distance transform: 0
	F-measure: 0.157518

Fruta: 8, treino: ../caju_46im.xml, canal: 0, threshold: 10, cortar blobs: 1, distance transform: 1
	F-measure: 0.0344828

Fruta: 8, treino: ../caju_46im.xml, canal: 0, threshold: 20, cortar blobs: 1, distance transform: 1
	F-measure: 0.123711

Fruta: 8, treino: ../caju_46im.xml, canal: 0, threshold: 30, cortar blobs: 1, distance transform: 1
	F-measure: 0.26484

Fruta: 8, treino: ../caju_46im.xml, canal: 0, threshold: 40, cortar blobs: 1, distance transform: 1
	F-measure: 0.5

Fruta: 8, treino: ../caju_46im.xml, canal: 0, threshold: 50, cortar blobs: 1, distance transform: 1
	F-measure: 0.682927

Fruta: 8, treino: ../caju_46im.xml, canal: 0, threshold: 60, cortar blobs: 1, distance transform: 1
	F-measure: 0.848485

Fruta: 8, treino: ../caju_46im.xml, canal: 0, threshold: 70, cortar blobs: 1, distance transform: 1
	F-measure: 0.848485

Fruta: 8, treino: ../caju_46im.xml, canal: 0, threshold: 80, cortar blobs: 1, distance transform: 1
	F-measure: 0.848485

Fruta: 8, treino: ../caju_46im.xml, canal: 0, threshold: 90, cortar blobs: 1, distance transform: 1
	F-measure: 0.848485

Fruta: 8, treino: ../caju_46im.xml, canal: 0, threshold: 100, cortar blobs: 1, distance transform: 1
	F-measure: 0.848485

Fruta: 8, treino: ../caju_46im.xml, canal: 1, threshold: 10, cortar blobs: 1, distance transform: 1
	F-measure: 0.161111

Fruta: 8, treino: ../caju_46im.xml, canal: 1, threshold: 20, cortar blobs: 1, distance transform: 1
	F-measure: 0.383562

Fruta: 8, treino: ../caju_46im.xml, canal: 1, threshold: 30, cortar blobs: 1, distance transform: 1
	F-measure: 0.7

Fruta: 8, treino: ../caju_46im.xml, canal: 1, threshold: 40, cortar blobs: 1, distance transform: 1
	F-measure: 0.848485

Fruta: 8, treino: ../caju_46im.xml, canal: 1, threshold: 50, cortar blobs: 1, distance transform: 1
	F-measure: 0.848485

Fruta: 8, treino: ../caju_46im.xml, canal: 1, threshold: 60, cortar blobs: 1, distance transform: 1
	F-measure: 0.848485

Fruta: 8, treino: ../caju_46im.xml, canal: 1, threshold: 70, cortar blobs: 1, distance transform: 1
	F-measure: 0.848485

Fruta: 8, treino: ../caju_46im.xml, canal: 1, threshold: 80, cortar blobs: 1, distance transform: 1
	F-measure: 0.848485

Fruta: 8, treino: ../caju_46im.xml, canal: 1, threshold: 90, cortar blobs: 1, distance transform: 1
	F-measure: 0.848485

Fruta: 8, treino: ../caju_46im.xml, canal: 1, threshold: 100, cortar blobs: 1, distance transform: 1
	F-measure: 0.848485

Fruta: 8, treino: ../caju_46im.xml, canal: 2, threshold: 10, cortar blobs: 1, distance transform: 1
	F-measure: 0.347826

Fruta: 8, treino: ../caju_46im.xml, canal: 2, threshold: 20, cortar blobs: 1, distance transform: 1
	F-measure: 0.811594

Fruta: 8, treino: ../caju_46im.xml, canal: 2, threshold: 30, cortar blobs: 1, distance transform: 1
	F-measure: 0.835821

Fruta: 8, treino: ../caju_46im.xml, canal: 2, threshold: 40, cortar blobs: 1, distance transform: 1
	F-measure: 0.848485

Fruta: 8, treino: ../caju_46im.xml, canal: 2, threshold: 50, cortar blobs: 1, distance transform: 1
	F-measure: 0.848485

Fruta: 8, treino: ../caju_46im.xml, canal: 2, threshold: 60, cortar blobs: 1, distance transform: 1
	F-measure: 0.848485

Fruta: 8, treino: ../caju_46im.xml, canal: 2, threshold: 70, cortar blobs: 1, distance transform: 1
	F-measure: 0.848485

Fruta: 8, treino: ../caju_46im.xml, canal: 2, threshold: 80, cortar blobs: 1, distance transform: 1
	F-measure: 0.848485

Fruta: 8, treino: ../caju_46im.xml, canal: 2, threshold: 90, cortar blobs: 1, distance transform: 1
	F-measure: 0.848485

Fruta: 8, treino: ../caju_46im.xml, canal: 2, threshold: 100, cortar blobs: 1, distance transform: 1
	F-measure: 0.848485

Fruta: 9, treino: ../ameixa_42im.xml, canal: 0, threshold: 10, cortar blobs: 1, distance transform: 0
	F-measure: 0.0138097

Fruta: 9, treino: ../ameixa_42im.xml, canal: 0, threshold: 20, cortar blobs: 1, distance transform: 0
	F-measure: 0.0430328

Fruta: 9, treino: ../ameixa_42im.xml, canal: 0, threshold: 30, cortar blobs: 1, distance transform: 0
	F-measure: 0.103194

Fruta: 9, treino: ../ameixa_42im.xml, canal: 0, threshold: 40, cortar blobs: 1, distance transform: 0
	F-measure: 0.153846

Fruta: 9, treino: ../ameixa_42im.xml, canal: 0, threshold: 50, cortar blobs: 1, distance transform: 0
	F-measure: 0.198738

Fruta: 9, treino: ../ameixa_42im.xml, canal: 0, threshold: 60, cortar blobs: 1, distance transform: 0
	F-measure: 0.225

Fruta: 9, treino: ../ameixa_42im.xml, canal: 0, threshold: 70, cortar blobs: 1, distance transform: 0
	F-measure: 0.236842

Fruta: 9, treino: ../ameixa_42im.xml, canal: 0, threshold: 80, cortar blobs: 1, distance transform: 0
	F-measure: 0.246032

Fruta: 9, treino: ../ameixa_42im.xml, canal: 0, threshold: 90, cortar blobs: 1, distance transform: 0
	F-measure: 0.242424

Fruta: 9, treino: ../ameixa_42im.xml, canal: 0, threshold: 100, cortar blobs: 1, distance transform: 0
	F-measure: 0.241803

Fruta: 9, treino: ../ameixa_42im.xml, canal: 1, threshold: 10, cortar blobs: 1, distance transform: 0
	F-measure: 0.190317

Fruta: 9, treino: ../ameixa_42im.xml, canal: 1, threshold: 20, cortar blobs: 1, distance transform: 0
	F-measure: 0.22869

Fruta: 9, treino: ../ameixa_42im.xml, canal: 1, threshold: 30, cortar blobs: 1, distance transform: 0
	F-measure: 0.231579

Fruta: 9, treino: ../ameixa_42im.xml, canal: 1, threshold: 40, cortar blobs: 1, distance transform: 0
	F-measure: 0.231579

Fruta: 9, treino: ../ameixa_42im.xml, canal: 1, threshold: 50, cortar blobs: 1, distance transform: 0
	F-measure: 0.231579

Fruta: 9, treino: ../ameixa_42im.xml, canal: 1, threshold: 60, cortar blobs: 1, distance transform: 0
	F-measure: 0.231579

Fruta: 9, treino: ../ameixa_42im.xml, canal: 1, threshold: 70, cortar blobs: 1, distance transform: 0
	F-measure: 0.231579

Fruta: 9, treino: ../ameixa_42im.xml, canal: 1, threshold: 80, cortar blobs: 1, distance transform: 0
	F-measure: 0.231579

Fruta: 9, treino: ../ameixa_42im.xml, canal: 1, threshold: 90, cortar blobs: 1, distance transform: 0
	F-measure: 0.231579

Fruta: 9, treino: ../ameixa_42im.xml, canal: 1, threshold: 100, cortar blobs: 1, distance transform: 0
	F-measure: 0.231579

Fruta: 9, treino: ../ameixa_42im.xml, canal: 2, threshold: 10, cortar blobs: 1, distance transform: 0
	F-measure: 0.174157

Fruta: 9, treino: ../ameixa_42im.xml, canal: 2, threshold: 20, cortar blobs: 1, distance transform: 0
	F-measure: 0.229039

Fruta: 9, treino: ../ameixa_42im.xml, canal: 2, threshold: 30, cortar blobs: 1, distance transform: 0
	F-measure: 0.23431

Fruta: 9, treino: ../ameixa_42im.xml, canal: 2, threshold: 40, cortar blobs: 1, distance transform: 0
	F-measure: 0.231579

Fruta: 9, treino: ../ameixa_42im.xml, canal: 2, threshold: 50, cortar blobs: 1, distance transform: 0
	F-measure: 0.231579

Fruta: 9, treino: ../ameixa_42im.xml, canal: 2, threshold: 60, cortar blobs: 1, distance transform: 0
	F-measure: 0.231579

Fruta: 9, treino: ../ameixa_42im.xml, canal: 2, threshold: 70, cortar blobs: 1, distance transform: 0
	F-measure: 0.231579

Fruta: 9, treino: ../ameixa_42im.xml, canal: 2, threshold: 80, cortar blobs: 1, distance transform: 0
	F-measure: 0.231579

Fruta: 9, treino: ../ameixa_42im.xml, canal: 2, threshold: 90, cortar blobs: 1, distance transform: 0
	F-measure: 0.231579

Fruta: 9, treino: ../ameixa_42im.xml, canal: 2, threshold: 100, cortar blobs: 1, distance transform: 0
	F-measure: 0.231579

Fruta: 9, treino: ../ameixa_42im.xml, canal: 0, threshold: 10, cortar blobs: 1, distance transform: 1
	F-measure: 0.050501

Fruta: 9, treino: ../ameixa_42im.xml, canal: 0, threshold: 20, cortar blobs: 1, distance transform: 1
	F-measure: 0.143885

Fruta: 9, treino: ../ameixa_42im.xml, canal: 0, threshold: 30, cortar blobs: 1, distance transform: 1
	F-measure: 0.408922

Fruta: 9, treino: ../ameixa_42im.xml, canal: 0, threshold: 40, cortar blobs: 1, distance transform: 1
	F-measure: 0.601093

Fruta: 9, treino: ../ameixa_42im.xml, canal: 0, threshold: 50, cortar blobs: 1, distance transform: 1
	F-measure: 0.689655

Fruta: 9, treino: ../ameixa_42im.xml, canal: 0, threshold: 60, cortar blobs: 1, distance transform: 1
	F-measure: 0.720588

Fruta: 9, treino: ../ameixa_42im.xml, canal: 0, threshold: 70, cortar blobs: 1, distance transform: 1
	F-measure: 0.746032

Fruta: 9, treino: ../ameixa_42im.xml, canal: 0, threshold: 80, cortar blobs: 1, distance transform: 1
	F-measure: 0.741935

Fruta: 9, treino: ../ameixa_42im.xml, canal: 0, threshold: 90, cortar blobs: 1, distance transform: 1
	F-measure: 0.737705

Fruta: 9, treino: ../ameixa_42im.xml, canal: 0, threshold: 100, cortar blobs: 1, distance transform: 1
	F-measure: 0.727273

Fruta: 9, treino: ../ameixa_42im.xml, canal: 1, threshold: 10, cortar blobs: 1, distance transform: 1
	F-measure: 0.460784

Fruta: 9, treino: ../ameixa_42im.xml, canal: 1, threshold: 20, cortar blobs: 1, distance transform: 1
	F-measure: 0.716667

Fruta: 9, treino: ../ameixa_42im.xml, canal: 1, threshold: 30, cortar blobs: 1, distance transform: 1
	F-measure: 0.716667

Fruta: 9, treino: ../ameixa_42im.xml, canal: 1, threshold: 40, cortar blobs: 1, distance transform: 1
	F-measure: 0.716667

Fruta: 9, treino: ../ameixa_42im.xml, canal: 1, threshold: 50, cortar blobs: 1, distance transform: 1
	F-measure: 0.716667

Fruta: 9, treino: ../ameixa_42im.xml, canal: 1, threshold: 60, cortar blobs: 1, distance transform: 1
	F-measure: 0.716667

Fruta: 9, treino: ../ameixa_42im.xml, canal: 1, threshold: 70, cortar blobs: 1, distance transform: 1
	F-measure: 0.716667

Fruta: 9, treino: ../ameixa_42im.xml, canal: 1, threshold: 80, cortar blobs: 1, distance transform: 1
	F-measure: 0.716667

Fruta: 9, treino: ../ameixa_42im.xml, canal: 1, threshold: 90, cortar blobs: 1, distance transform: 1
	F-measure: 0.716667

Fruta: 9, treino: ../ameixa_42im.xml, canal: 1, threshold: 100, cortar blobs: 1, distance transform: 1
	F-measure: 0.716667

Fruta: 9, treino: ../ameixa_42im.xml, canal: 2, threshold: 10, cortar blobs: 1, distance transform: 1
	F-measure: 0.625

Fruta: 9, treino: ../ameixa_42im.xml, canal: 2, threshold: 20, cortar blobs: 1, distance transform: 1
	F-measure: 0.716667

Fruta: 9, treino: ../ameixa_42im.xml, canal: 2, threshold: 30, cortar blobs: 1, distance transform: 1
	F-measure: 0.716667

Fruta: 9, treino: ../ameixa_42im.xml, canal: 2, threshold: 40, cortar blobs: 1, distance transform: 1
	F-measure: 0.716667

Fruta: 9, treino: ../ameixa_42im.xml, canal: 2, threshold: 50, cortar blobs: 1, distance transform: 1
	F-measure: 0.716667

Fruta: 9, treino: ../ameixa_42im.xml, canal: 2, threshold: 60, cortar blobs: 1, distance transform: 1
	F-measure: 0.716667

Fruta: 9, treino: ../ameixa_42im.xml, canal: 2, threshold: 70, cortar blobs: 1, distance transform: 1
	F-measure: 0.716667

Fruta: 9, treino: ../ameixa_42im.xml, canal: 2, threshold: 80, cortar blobs: 1, distance transform: 1
	F-measure: 0.716667

Fruta: 9, treino: ../ameixa_42im.xml, canal: 2, threshold: 90, cortar blobs: 1, distance transform: 1
	F-measure: 0.716667

Fruta: 9, treino: ../ameixa_42im.xml, canal: 2, threshold: 100, cortar blobs: 1, distance transform: 1
	F-measure: 0.716667

Fruta: 5, treino: ../manga_27im.xml, canal: 0, threshold: 10, cortar blobs: 1, distance transform: 0
	F-measure: 0.0317593

Fruta: 5, treino: ../manga_27im.xml, canal: 0, threshold: 20, cortar blobs: 1, distance transform: 0
	F-measure: 0.0474407

Fruta: 5, treino: ../manga_27im.xml, canal: 0, threshold: 30, cortar blobs: 1, distance transform: 0
	F-measure: 0.0561941

Fruta: 5, treino: ../manga_27im.xml, canal: 0, threshold: 40, cortar blobs: 1, distance transform: 0
	F-measure: 0.066702

Fruta: 5, treino: ../manga_27im.xml, canal: 0, threshold: 50, cortar blobs: 1, distance transform: 0
	F-measure: 0.0744544

Fruta: 5, treino: ../manga_27im.xml, canal: 0, threshold: 60, cortar blobs: 1, distance transform: 0
	F-measure: 0.0876133

Fruta: 5, treino: ../manga_27im.xml, canal: 0, threshold: 70, cortar blobs: 1, distance transform: 0
	F-measure: 0.100885

Fruta: 5, treino: ../manga_27im.xml, canal: 0, threshold: 80, cortar blobs: 1, distance transform: 0
	F-measure: 0.117526

Fruta: 5, treino: ../manga_27im.xml, canal: 0, threshold: 90, cortar blobs: 1, distance transform: 0
	F-measure: 0.15

Fruta: 5, treino: ../manga_27im.xml, canal: 0, threshold: 100, cortar blobs: 1, distance transform: 0
	F-measure: 0.170149

Fruta: 5, treino: ../manga_27im.xml, canal: 1, threshold: 10, cortar blobs: 1, distance transform: 0
	F-measure: 0.105971

Fruta: 5, treino: ../manga_27im.xml, canal: 1, threshold: 20, cortar blobs: 1, distance transform: 0
	F-measure: 0.141439

Fruta: 5, treino: ../manga_27im.xml, canal: 1, threshold: 30, cortar blobs: 1, distance transform: 0
	F-measure: 0.210721

Fruta: 5, treino: ../manga_27im.xml, canal: 1, threshold: 40, cortar blobs: 1, distance transform: 0
	F-measure: 0.306452

Fruta: 5, treino: ../manga_27im.xml, canal: 1, threshold: 50, cortar blobs: 1, distance transform: 0
	F-measure: 0.368932

Fruta: 5, treino: ../manga_27im.xml, canal: 1, threshold: 60, cortar blobs: 1, distance transform: 0
	F-measure: 0.371336

Fruta: 5, treino: ../manga_27im.xml, canal: 1, threshold: 70, cortar blobs: 1, distance transform: 0
	F-measure: 0.371336

Fruta: 5, treino: ../manga_27im.xml, canal: 1, threshold: 80, cortar blobs: 1, distance transform: 0
	F-measure: 0.372549

Fruta: 5, treino: ../manga_27im.xml, canal: 1, threshold: 90, cortar blobs: 1, distance transform: 0
	F-measure: 0.372549

Fruta: 5, treino: ../manga_27im.xml, canal: 1, threshold: 100, cortar blobs: 1, distance transform: 0
	F-measure: 0.372549

Fruta: 5, treino: ../manga_27im.xml, canal: 2, threshold: 10, cortar blobs: 1, distance transform: 0
	F-measure: 0.0742605

Fruta: 5, treino: ../manga_27im.xml, canal: 2, threshold: 20, cortar blobs: 1, distance transform: 0
	F-measure: 0.124183

Fruta: 5, treino: ../manga_27im.xml, canal: 2, threshold: 30, cortar blobs: 1, distance transform: 0
	F-measure: 0.234568

Fruta: 5, treino: ../manga_27im.xml, canal: 2, threshold: 40, cortar blobs: 1, distance transform: 0
	F-measure: 0.323864

Fruta: 5, treino: ../manga_27im.xml, canal: 2, threshold: 50, cortar blobs: 1, distance transform: 0
	F-measure: 0.365385

Fruta: 5, treino: ../manga_27im.xml, canal: 2, threshold: 60, cortar blobs: 1, distance transform: 0
	F-measure: 0.371336

Fruta: 5, treino: ../manga_27im.xml, canal: 2, threshold: 70, cortar blobs: 1, distance transform: 0
	F-measure: 0.372549

Fruta: 5, treino: ../manga_27im.xml, canal: 2, threshold: 80, cortar blobs: 1, distance transform: 0
	F-measure: 0.372549

Fruta: 5, treino: ../manga_27im.xml, canal: 2, threshold: 90, cortar blobs: 1, distance transform: 0
	F-measure: 0.372549

Fruta: 5, treino: ../manga_27im.xml, canal: 2, threshold: 100, cortar blobs: 1, distance transform: 0
	F-measure: 0.372549

Fruta: 5, treino: ../manga_27im.xml, canal: 0, threshold: 10, cortar blobs: 1, distance transform: 1
	F-measure: 0.0996068

Fruta: 5, treino: ../manga_27im.xml, canal: 0, threshold: 20, cortar blobs: 1, distance transform: 1
	F-measure: 0.156057

Fruta: 5, treino: ../manga_27im.xml, canal: 0, threshold: 30, cortar blobs: 1, distance transform: 1
	F-measure: 0.185776

Fruta: 5, treino: ../manga_27im.xml, canal: 0, threshold: 40, cortar blobs: 1, distance transform: 1
	F-measure: 0.197761

Fruta: 5, treino: ../manga_27im.xml, canal: 0, threshold: 50, cortar blobs: 1, distance transform: 1
	F-measure: 0.235849

Fruta: 5, treino: ../manga_27im.xml, canal: 0, threshold: 60, cortar blobs: 1, distance transform: 1
	F-measure: 0.289941

Fruta: 5, treino: ../manga_27im.xml, canal: 0, threshold: 70, cortar blobs: 1, distance transform: 1
	F-measure: 0.34507

Fruta: 5, treino: ../manga_27im.xml, canal: 0, threshold: 80, cortar blobs: 1, distance transform: 1
	F-measure: 0.428571

Fruta: 5, treino: ../manga_27im.xml, canal: 0, threshold: 90, cortar blobs: 1, distance transform: 1
	F-measure: 0.44

Fruta: 5, treino: ../manga_27im.xml, canal: 0, threshold: 100, cortar blobs: 1, distance transform: 1
	F-measure: 0.457447

Fruta: 5, treino: ../manga_27im.xml, canal: 1, threshold: 10, cortar blobs: 1, distance transform: 1
	F-measure: 0.16185

Fruta: 5, treino: ../manga_27im.xml, canal: 1, threshold: 20, cortar blobs: 1, distance transform: 1
	F-measure: 0.264151

Fruta: 5, treino: ../manga_27im.xml, canal: 1, threshold: 30, cortar blobs: 1, distance transform: 1
	F-measure: 0.407767

Fruta: 5, treino: ../manga_27im.xml, canal: 1, threshold: 40, cortar blobs: 1, distance transform: 1
	F-measure: 0.461538

Fruta: 5, treino: ../manga_27im.xml, canal: 1, threshold: 50, cortar blobs: 1, distance transform: 1
	F-measure: 0.431138

Fruta: 5, treino: ../manga_27im.xml, canal: 1, threshold: 60, cortar blobs: 1, distance transform: 1
	F-measure: 0.431138

Fruta: 5, treino: ../manga_27im.xml, canal: 1, threshold: 70, cortar blobs: 1, distance transform: 1
	F-measure: 0.431138

Fruta: 5, treino: ../manga_27im.xml, canal: 1, threshold: 80, cortar blobs: 1, distance transform: 1
	F-measure: 0.431138

Fruta: 5, treino: ../manga_27im.xml, canal: 1, threshold: 90, cortar blobs: 1, distance transform: 1
	F-measure: 0.431138

Fruta: 5, treino: ../manga_27im.xml, canal: 1, threshold: 100, cortar blobs: 1, distance transform: 1
	F-measure: 0.431138

Fruta: 5, treino: ../manga_27im.xml, canal: 2, threshold: 10, cortar blobs: 1, distance transform: 1
	F-measure: 0.190291

Fruta: 5, treino: ../manga_27im.xml, canal: 2, threshold: 20, cortar blobs: 1, distance transform: 1
	F-measure: 0.294737

Fruta: 5, treino: ../manga_27im.xml, canal: 2, threshold: 30, cortar blobs: 1, distance transform: 1
	F-measure: 0.439791

Fruta: 5, treino: ../manga_27im.xml, canal: 2, threshold: 40, cortar blobs: 1, distance transform: 1
	F-measure: 0.431138

Fruta: 5, treino: ../manga_27im.xml, canal: 2, threshold: 50, cortar blobs: 1, distance transform: 1
	F-measure: 0.431138

Fruta: 5, treino: ../manga_27im.xml, canal: 2, threshold: 60, cortar blobs: 1, distance transform: 1
	F-measure: 0.431138

Fruta: 5, treino: ../manga_27im.xml, canal: 2, threshold: 70, cortar blobs: 1, distance transform: 1
	F-measure: 0.431138

Fruta: 5, treino: ../manga_27im.xml, canal: 2, threshold: 80, cortar blobs: 1, distance transform: 1
	F-measure: 0.431138

Fruta: 5, treino: ../manga_27im.xml, canal: 2, threshold: 90, cortar blobs: 1, distance transform: 1
	F-measure: 0.431138

Fruta: 5, treino: ../manga_27im.xml, canal: 2, threshold: 100, cortar blobs: 1, distance transform: 1
	F-measure: 0.431138

Fruta: 2, treino: ../pessego_24im.xml, canal: 0, threshold: 10, cortar blobs: 1, distance transform: 0
	F-measure: 0.125009

Fruta: 2, treino: ../pessego_24im.xml, canal: 0, threshold: 20, cortar blobs: 1, distance transform: 0
	F-measure: 0.266103

Fruta: 2, treino: ../pessego_24im.xml, canal: 0, threshold: 30, cortar blobs: 1, distance transform: 0
	F-measure: 0.387082

Fruta: 2, treino: ../pessego_24im.xml, canal: 0, threshold: 40, cortar blobs: 1, distance transform: 0
	F-measure: 0.479613

Fruta: 2, treino: ../pessego_24im.xml, canal: 0, threshold: 50, cortar blobs: 1, distance transform: 0
	F-measure: 0.55098

Fruta: 2, treino: ../pessego_24im.xml, canal: 0, threshold: 60, cortar blobs: 1, distance transform: 0
	F-measure: 0.590591

Fruta: 2, treino: ../pessego_24im.xml, canal: 0, threshold: 70, cortar blobs: 1, distance transform: 0
	F-measure: 0.613951

Fruta: 2, treino: ../pessego_24im.xml, canal: 0, threshold: 80, cortar blobs: 1, distance transform: 0
	F-measure: 0.632859

Fruta: 2, treino: ../pessego_24im.xml, canal: 0, threshold: 90, cortar blobs: 1, distance transform: 0
	F-measure: 0.638856

Fruta: 2, treino: ../pessego_24im.xml, canal: 0, threshold: 100, cortar blobs: 1, distance transform: 0
	F-measure: 0.644217

Fruta: 2, treino: ../pessego_24im.xml, canal: 1, threshold: 10, cortar blobs: 1, distance transform: 0
	F-measure: 0.464576

Fruta: 2, treino: ../pessego_24im.xml, canal: 1, threshold: 20, cortar blobs: 1, distance transform: 0
	F-measure: 0.620479

Fruta: 2, treino: ../pessego_24im.xml, canal: 1, threshold: 30, cortar blobs: 1, distance transform: 0
	F-measure: 0.6335

Fruta: 2, treino: ../pessego_24im.xml, canal: 1, threshold: 40, cortar blobs: 1, distance transform: 0
	F-measure: 0.638341

Fruta: 2, treino: ../pessego_24im.xml, canal: 1, threshold: 50, cortar blobs: 1, distance transform: 0
	F-measure: 0.638945

Fruta: 2, treino: ../pessego_24im.xml, canal: 1, threshold: 60, cortar blobs: 1, distance transform: 0
	F-measure: 0.639594

Fruta: 2, treino: ../pessego_24im.xml, canal: 1, threshold: 70, cortar blobs: 1, distance transform: 0
	F-measure: 0.638903

Fruta: 2, treino: ../pessego_24im.xml, canal: 1, threshold: 80, cortar blobs: 1, distance transform: 0
	F-measure: 0.638557

Fruta: 2, treino: ../pessego_24im.xml, canal: 1, threshold: 90, cortar blobs: 1, distance transform: 0
	F-measure: 0.638557

Fruta: 2, treino: ../pessego_24im.xml, canal: 1, threshold: 100, cortar blobs: 1, distance transform: 0
	F-measure: 0.638557

Fruta: 2, treino: ../pessego_24im.xml, canal: 2, threshold: 10, cortar blobs: 1, distance transform: 0
	F-measure: 0.383758

Fruta: 2, treino: ../pessego_24im.xml, canal: 2, threshold: 20, cortar blobs: 1, distance transform: 0
	F-measure: 0.614311

Fruta: 2, treino: ../pessego_24im.xml, canal: 2, threshold: 30, cortar blobs: 1, distance transform: 0
	F-measure: 0.628557

Fruta: 2, treino: ../pessego_24im.xml, canal: 2, threshold: 40, cortar blobs: 1, distance transform: 0
	F-measure: 0.63877

Fruta: 2, treino: ../pessego_24im.xml, canal: 2, threshold: 50, cortar blobs: 1, distance transform: 0
	F-measure: 0.640467

Fruta: 2, treino: ../pessego_24im.xml, canal: 2, threshold: 60, cortar blobs: 1, distance transform: 0
	F-measure: 0.638741

Fruta: 2, treino: ../pessego_24im.xml, canal: 2, threshold: 70, cortar blobs: 1, distance transform: 0
	F-measure: 0.638903

Fruta: 2, treino: ../pessego_24im.xml, canal: 2, threshold: 80, cortar blobs: 1, distance transform: 0
	F-measure: 0.638557

Fruta: 2, treino: ../pessego_24im.xml, canal: 2, threshold: 90, cortar blobs: 1, distance transform: 0
	F-measure: 0.638557

Fruta: 2, treino: ../pessego_24im.xml, canal: 2, threshold: 100, cortar blobs: 1, distance transform: 0
	F-measure: 0.638557

Fruta: 2, treino: ../pessego_24im.xml, canal: 0, threshold: 10, cortar blobs: 1, distance transform: 1
	F-measure: 0.39268

Fruta: 2, treino: ../pessego_24im.xml, canal: 0, threshold: 20, cortar blobs: 1, distance transform: 1
	F-measure: 0.601406

Fruta: 2, treino: ../pessego_24im.xml, canal: 0, threshold: 30, cortar blobs: 1, distance transform: 1
	F-measure: 0.631995

Fruta: 2, treino: ../pessego_24im.xml, canal: 0, threshold: 40, cortar blobs: 1, distance transform: 1
	F-measure: 0.63172

Fruta: 2, treino: ../pessego_24im.xml, canal: 0, threshold: 50, cortar blobs: 1, distance transform: 1
	F-measure: 0.623596

Fruta: 2, treino: ../pessego_24im.xml, canal: 0, threshold: 60, cortar blobs: 1, distance transform: 1
	F-measure: 0.612868

Fruta: 2, treino: ../pessego_24im.xml, canal: 0, threshold: 70, cortar blobs: 1, distance transform: 1
	F-measure: 0.605017

Fruta: 2, treino: ../pessego_24im.xml, canal: 0, threshold: 80, cortar blobs: 1, distance transform: 1
	F-measure: 0.586154

Fruta: 2, treino: ../pessego_24im.xml, canal: 0, threshold: 90, cortar blobs: 1, distance transform: 1
	F-measure: 0.577087

Fruta: 2, treino: ../pessego_24im.xml, canal: 0, threshold: 100, cortar blobs: 1, distance transform: 1
	F-measure: 0.570646

Fruta: 2, treino: ../pessego_24im.xml, canal: 1, threshold: 10, cortar blobs: 1, distance transform: 1
	F-measure: 0.631763

Fruta: 2, treino: ../pessego_24im.xml, canal: 1, threshold: 20, cortar blobs: 1, distance transform: 1
	F-measure: 0.567071

Fruta: 2, treino: ../pessego_24im.xml, canal: 1, threshold: 30, cortar blobs: 1, distance transform: 1
	F-measure: 0.548708

Fruta: 2, treino: ../pessego_24im.xml, canal: 1, threshold: 40, cortar blobs: 1, distance transform: 1
	F-measure: 0.54813

Fruta: 2, treino: ../pessego_24im.xml, canal: 1, threshold: 50, cortar blobs: 1, distance transform: 1
	F-measure: 0.546975

Fruta: 2, treino: ../pessego_24im.xml, canal: 1, threshold: 60, cortar blobs: 1, distance transform: 1
	F-measure: 0.546975

Fruta: 2, treino: ../pessego_24im.xml, canal: 1, threshold: 70, cortar blobs: 1, distance transform: 1
	F-measure: 0.546975

Fruta: 2, treino: ../pessego_24im.xml, canal: 1, threshold: 80, cortar blobs: 1, distance transform: 1
	F-measure: 0.546975

Fruta: 2, treino: ../pessego_24im.xml, canal: 1, threshold: 90, cortar blobs: 1, distance transform: 1
	F-measure: 0.546975

Fruta: 2, treino: ../pessego_24im.xml, canal: 1, threshold: 100, cortar blobs: 1, distance transform: 1
	F-measure: 0.546975

Fruta: 2, treino: ../pessego_24im.xml, canal: 2, threshold: 10, cortar blobs: 1, distance transform: 1
	F-measure: 0.567244

Fruta: 2, treino: ../pessego_24im.xml, canal: 2, threshold: 20, cortar blobs: 1, distance transform: 1
	F-measure: 0.58738

Fruta: 2, treino: ../pessego_24im.xml, canal: 2, threshold: 30, cortar blobs: 1, distance transform: 1
	F-measure: 0.559496

Fruta: 2, treino: ../pessego_24im.xml, canal: 2, threshold: 40, cortar blobs: 1, distance transform: 1
	F-measure: 0.549285

Fruta: 2, treino: ../pessego_24im.xml, canal: 2, threshold: 50, cortar blobs: 1, distance transform: 1
	F-measure: 0.547553

Fruta: 2, treino: ../pessego_24im.xml, canal: 2, threshold: 60, cortar blobs: 1, distance transform: 1
	F-measure: 0.546975

Fruta: 2, treino: ../pessego_24im.xml, canal: 2, threshold: 70, cortar blobs: 1, distance transform: 1
	F-measure: 0.546975

Fruta: 2, treino: ../pessego_24im.xml, canal: 2, threshold: 80, cortar blobs: 1, distance transform: 1
	F-measure: 0.546975

Fruta: 2, treino: ../pessego_24im.xml, canal: 2, threshold: 90, cortar blobs: 1, distance transform: 1
	F-measure: 0.546975

Fruta: 2, treino: ../pessego_24im.xml, canal: 2, threshold: 100, cortar blobs: 1, distance transform: 1
	F-measure: 0.546975

Fruta: 9, treino: ../ameixa_18im.xml, canal: 0, threshold: 10, cortar blobs: 1, distance transform: 0
	F-measure: 0.0179232

Fruta: 9, treino: ../ameixa_18im.xml, canal: 0, threshold: 20, cortar blobs: 1, distance transform: 0
	F-measure: 0.0499208

Fruta: 9, treino: ../ameixa_18im.xml, canal: 0, threshold: 30, cortar blobs: 1, distance transform: 0
	F-measure: 0.102024

Fruta: 9, treino: ../ameixa_18im.xml, canal: 0, threshold: 40, cortar blobs: 1, distance transform: 0
	F-measure: 0.154034

Fruta: 9, treino: ../ameixa_18im.xml, canal: 0, threshold: 50, cortar blobs: 1, distance transform: 0
	F-measure: 0.188341

Fruta: 9, treino: ../ameixa_18im.xml, canal: 0, threshold: 60, cortar blobs: 1, distance transform: 0
	F-measure: 0.217617

Fruta: 9, treino: ../ameixa_18im.xml, canal: 0, threshold: 70, cortar blobs: 1, distance transform: 0
	F-measure: 0.225

Fruta: 9, treino: ../ameixa_18im.xml, canal: 0, threshold: 80, cortar blobs: 1, distance transform: 0
	F-measure: 0.228464

Fruta: 9, treino: ../ameixa_18im.xml, canal: 0, threshold: 90, cortar blobs: 1, distance transform: 0
	F-measure: 0.235521

Fruta: 9, treino: ../ameixa_18im.xml, canal: 0, threshold: 100, cortar blobs: 1, distance transform: 0
	F-measure: 0.240631

Fruta: 9, treino: ../ameixa_18im.xml, canal: 1, threshold: 10, cortar blobs: 1, distance transform: 0
	F-measure: 0.217993

Fruta: 9, treino: ../ameixa_18im.xml, canal: 1, threshold: 20, cortar blobs: 1, distance transform: 0
	F-measure: 0.244489

Fruta: 9, treino: ../ameixa_18im.xml, canal: 1, threshold: 30, cortar blobs: 1, distance transform: 0
	F-measure: 0.244489

Fruta: 9, treino: ../ameixa_18im.xml, canal: 1, threshold: 40, cortar blobs: 1, distance transform: 0
	F-measure: 0.244489

Fruta: 9, treino: ../ameixa_18im.xml, canal: 1, threshold: 50, cortar blobs: 1, distance transform: 0
	F-measure: 0.244489

Fruta: 9, treino: ../ameixa_18im.xml, canal: 1, threshold: 60, cortar blobs: 1, distance transform: 0
	F-measure: 0.244489

Fruta: 9, treino: ../ameixa_18im.xml, canal: 1, threshold: 70, cortar blobs: 1, distance transform: 0
	F-measure: 0.244489

Fruta: 9, treino: ../ameixa_18im.xml, canal: 1, threshold: 80, cortar blobs: 1, distance transform: 0
	F-measure: 0.244489

Fruta: 9, treino: ../ameixa_18im.xml, canal: 1, threshold: 90, cortar blobs: 1, distance transform: 0
	F-measure: 0.244489

Fruta: 9, treino: ../ameixa_18im.xml, canal: 1, threshold: 100, cortar blobs: 1, distance transform: 0
	F-measure: 0.244489

Fruta: 9, treino: ../ameixa_18im.xml, canal: 2, threshold: 10, cortar blobs: 1, distance transform: 0
	F-measure: 0.16095

Fruta: 9, treino: ../ameixa_18im.xml, canal: 2, threshold: 20, cortar blobs: 1, distance transform: 0
	F-measure: 0.240631

Fruta: 9, treino: ../ameixa_18im.xml, canal: 2, threshold: 30, cortar blobs: 1, distance transform: 0
	F-measure: 0.244489

Fruta: 9, treino: ../ameixa_18im.xml, canal: 2, threshold: 40, cortar blobs: 1, distance transform: 0
	F-measure: 0.244489

Fruta: 9, treino: ../ameixa_18im.xml, canal: 2, threshold: 50, cortar blobs: 1, distance transform: 0
	F-measure: 0.244489

Fruta: 9, treino: ../ameixa_18im.xml, canal: 2, threshold: 60, cortar blobs: 1, distance transform: 0
	F-measure: 0.244489

Fruta: 9, treino: ../ameixa_18im.xml, canal: 2, threshold: 70, cortar blobs: 1, distance transform: 0
	F-measure: 0.244489

Fruta: 9, treino: ../ameixa_18im.xml, canal: 2, threshold: 80, cortar blobs: 1, distance transform: 0
	F-measure: 0.244489

Fruta: 9, treino: ../ameixa_18im.xml, canal: 2, threshold: 90, cortar blobs: 1, distance transform: 0
	F-measure: 0.244489

Fruta: 9, treino: ../ameixa_18im.xml, canal: 2, threshold: 100, cortar blobs: 1, distance transform: 0
	F-measure: 0.244489

Fruta: 9, treino: ../ameixa_18im.xml, canal: 0, threshold: 10, cortar blobs: 1, distance transform: 1
	F-measure: 0.0463065

Fruta: 9, treino: ../ameixa_18im.xml, canal: 0, threshold: 20, cortar blobs: 1, distance transform: 1
	F-measure: 0.136986

Fruta: 9, treino: ../ameixa_18im.xml, canal: 0, threshold: 30, cortar blobs: 1, distance transform: 1
	F-measure: 0.369637

Fruta: 9, treino: ../ameixa_18im.xml, canal: 0, threshold: 40, cortar blobs: 1, distance transform: 1
	F-measure: 0.582418

Fruta: 9, treino: ../ameixa_18im.xml, canal: 0, threshold: 50, cortar blobs: 1, distance transform: 1
	F-measure: 0.71831

Fruta: 9, treino: ../ameixa_18im.xml, canal: 0, threshold: 60, cortar blobs: 1, distance transform: 1
	F-measure: 0.746269

Fruta: 9, treino: ../ameixa_18im.xml, canal: 0, threshold: 70, cortar blobs: 1, distance transform: 1
	F-measure: 0.763359

Fruta: 9, treino: ../ameixa_18im.xml, canal: 0, threshold: 80, cortar blobs: 1, distance transform: 1
	F-measure: 0.752

Fruta: 9, treino: ../ameixa_18im.xml, canal: 0, threshold: 90, cortar blobs: 1, distance transform: 1
	F-measure: 0.721311

Fruta: 9, treino: ../ameixa_18im.xml, canal: 0, threshold: 100, cortar blobs: 1, distance transform: 1
	F-measure: 0.721311

Fruta: 9, treino: ../ameixa_18im.xml, canal: 1, threshold: 10, cortar blobs: 1, distance transform: 1
	F-measure: 0.519774

Fruta: 9, treino: ../ameixa_18im.xml, canal: 1, threshold: 20, cortar blobs: 1, distance transform: 1
	F-measure: 0.710744

Fruta: 9, treino: ../ameixa_18im.xml, canal: 1, threshold: 30, cortar blobs: 1, distance transform: 1
	F-measure: 0.710744

Fruta: 9, treino: ../ameixa_18im.xml, canal: 1, threshold: 40, cortar blobs: 1, distance transform: 1
	F-measure: 0.710744

Fruta: 9, treino: ../ameixa_18im.xml, canal: 1, threshold: 50, cortar blobs: 1, distance transform: 1
	F-measure: 0.710744

Fruta: 9, treino: ../ameixa_18im.xml, canal: 1, threshold: 60, cortar blobs: 1, distance transform: 1
	F-measure: 0.710744

Fruta: 9, treino: ../ameixa_18im.xml, canal: 1, threshold: 70, cortar blobs: 1, distance transform: 1
	F-measure: 0.710744

Fruta: 9, treino: ../ameixa_18im.xml, canal: 1, threshold: 80, cortar blobs: 1, distance transform: 1
	F-measure: 0.710744

Fruta: 9, treino: ../ameixa_18im.xml, canal: 1, threshold: 90, cortar blobs: 1, distance transform: 1
	F-measure: 0.710744

Fruta: 9, treino: ../ameixa_18im.xml, canal: 1, threshold: 100, cortar blobs: 1, distance transform: 1
	F-measure: 0.710744

Fruta: 9, treino: ../ameixa_18im.xml, canal: 2, threshold: 10, cortar blobs: 1, distance transform: 1
	F-measure: 0.707692

Fruta: 9, treino: ../ameixa_18im.xml, canal: 2, threshold: 20, cortar blobs: 1, distance transform: 1
	F-measure: 0.710744

Fruta: 9, treino: ../ameixa_18im.xml, canal: 2, threshold: 30, cortar blobs: 1, distance transform: 1
	F-measure: 0.710744

Fruta: 9, treino: ../ameixa_18im.xml, canal: 2, threshold: 40, cortar blobs: 1, distance transform: 1
	F-measure: 0.710744

Fruta: 9, treino: ../ameixa_18im.xml, canal: 2, threshold: 50, cortar blobs: 1, distance transform: 1
	F-measure: 0.710744

Fruta: 9, treino: ../ameixa_18im.xml, canal: 2, threshold: 60, cortar blobs: 1, distance transform: 1
	F-measure: 0.710744

Fruta: 9, treino: ../ameixa_18im.xml, canal: 2, threshold: 70, cortar blobs: 1, distance transform: 1
	F-measure: 0.710744

Fruta: 9, treino: ../ameixa_18im.xml, canal: 2, threshold: 80, cortar blobs: 1, distance transform: 1
	F-measure: 0.710744

Fruta: 9, treino: ../ameixa_18im.xml, canal: 2, threshold: 90, cortar blobs: 1, distance transform: 1
	F-measure: 0.710744

Fruta: 9, treino: ../ameixa_18im.xml, canal: 2, threshold: 100, cortar blobs: 1, distance transform: 1
	F-measure: 0.710744

================== ACEROLA 70 sobre 30 ===================

Fruta: 1, treino: ../acerola_79im.xml, canal: 0, threshold: 10, cortar blobs: 1, distance transform: 0
	F-measure: 0.115758

Fruta: 1, treino: ../acerola_79im.xml, canal: 0, threshold: 20, cortar blobs: 1, distance transform: 0
	F-measure: 0.278173

Fruta: 1, treino: ../acerola_79im.xml, canal: 0, threshold: 30, cortar blobs: 1, distance transform: 0
	F-measure: 0.47846

Fruta: 1, treino: ../acerola_79im.xml, canal: 0, threshold: 40, cortar blobs: 1, distance transform: 0
	F-measure: 0.604819

Fruta: 1, treino: ../acerola_79im.xml, canal: 0, threshold: 50, cortar blobs: 1, distance transform: 0
	F-measure: 0.71137

Fruta: 1, treino: ../acerola_79im.xml, canal: 0, threshold: 60, cortar blobs: 1, distance transform: 0
	F-measure: 0.717781

Fruta: 1, treino: ../acerola_79im.xml, canal: 0, threshold: 70, cortar blobs: 1, distance transform: 0
	F-measure: 0.716007

Fruta: 1, treino: ../acerola_79im.xml, canal: 0, threshold: 80, cortar blobs: 1, distance transform: 0
	F-measure: 0.705263

Fruta: 1, treino: ../acerola_79im.xml, canal: 0, threshold: 90, cortar blobs: 1, distance transform: 0
	F-measure: 0.696113

Fruta: 1, treino: ../acerola_79im.xml, canal: 0, threshold: 100, cortar blobs: 1, distance transform: 0
	F-measure: 0.692857

Fruta: 1, treino: ../acerola_79im.xml, canal: 1, threshold: 10, cortar blobs: 1, distance transform: 0
	F-measure: 0.354098

Fruta: 1, treino: ../acerola_79im.xml, canal: 1, threshold: 20, cortar blobs: 1, distance transform: 0
	F-measure: 0.651811

Fruta: 1, treino: ../acerola_79im.xml, canal: 1, threshold: 30, cortar blobs: 1, distance transform: 0
	F-measure: 0.704082

Fruta: 1, treino: ../acerola_79im.xml, canal: 1, threshold: 40, cortar blobs: 1, distance transform: 0
	F-measure: 0.694097

Fruta: 1, treino: ../acerola_79im.xml, canal: 1, threshold: 50, cortar blobs: 1, distance transform: 0
	F-measure: 0.691756

Fruta: 1, treino: ../acerola_79im.xml, canal: 1, threshold: 60, cortar blobs: 1, distance transform: 0
	F-measure: 0.684685

Fruta: 1, treino: ../acerola_79im.xml, canal: 1, threshold: 70, cortar blobs: 1, distance transform: 0
	F-measure: 0.684685

Fruta: 1, treino: ../acerola_79im.xml, canal: 1, threshold: 80, cortar blobs: 1, distance transform: 0
	F-measure: 0.684685

Fruta: 1, treino: ../acerola_79im.xml, canal: 1, threshold: 90, cortar blobs: 1, distance transform: 0
	F-measure: 0.684685

Fruta: 1, treino: ../acerola_79im.xml, canal: 1, threshold: 100, cortar blobs: 1, distance transform: 0
	F-measure: 0.684685

Fruta: 1, treino: ../acerola_79im.xml, canal: 2, threshold: 10, cortar blobs: 1, distance transform: 0
	F-measure: 0.442404

Fruta: 1, treino: ../acerola_79im.xml, canal: 2, threshold: 20, cortar blobs: 1, distance transform: 0
	F-measure: 0.664463

Fruta: 1, treino: ../acerola_79im.xml, canal: 2, threshold: 30, cortar blobs: 1, distance transform: 0
	F-measure: 0.697509

Fruta: 1, treino: ../acerola_79im.xml, canal: 2, threshold: 40, cortar blobs: 1, distance transform: 0
	F-measure: 0.68705

Fruta: 1, treino: ../acerola_79im.xml, canal: 2, threshold: 50, cortar blobs: 1, distance transform: 0
	F-measure: 0.684685

Fruta: 1, treino: ../acerola_79im.xml, canal: 2, threshold: 60, cortar blobs: 1, distance transform: 0
	F-measure: 0.684685

Fruta: 1, treino: ../acerola_79im.xml, canal: 2, threshold: 70, cortar blobs: 1, distance transform: 0
	F-measure: 0.684685

Fruta: 1, treino: ../acerola_79im.xml, canal: 2, threshold: 80, cortar blobs: 1, distance transform: 0
	F-measure: 0.684685

Fruta: 1, treino: ../acerola_79im.xml, canal: 2, threshold: 90, cortar blobs: 1, distance transform: 0
	F-measure: 0.684685

Fruta: 1, treino: ../acerola_79im.xml, canal: 2, threshold: 100, cortar blobs: 1, distance transform: 0
	F-measure: 0.684685

Fruta: 1, treino: ../acerola_79im.xml, canal: 0, threshold: 10, cortar blobs: 1, distance transform: 1
	F-measure: 0.386646

Fruta: 1, treino: ../acerola_79im.xml, canal: 0, threshold: 20, cortar blobs: 1, distance transform: 1
	F-measure: 0.568356

Fruta: 1, treino: ../acerola_79im.xml, canal: 0, threshold: 30, cortar blobs: 1, distance transform: 1
	F-measure: 0.59501

Fruta: 1, treino: ../acerola_79im.xml, canal: 0, threshold: 40, cortar blobs: 1, distance transform: 1
	F-measure: 0.630197

Fruta: 1, treino: ../acerola_79im.xml, canal: 0, threshold: 50, cortar blobs: 1, distance transform: 1
	F-measure: 0.64977

Fruta: 1, treino: ../acerola_79im.xml, canal: 0, threshold: 60, cortar blobs: 1, distance transform: 1
	F-measure: 0.620853

Fruta: 1, treino: ../acerola_79im.xml, canal: 0, threshold: 70, cortar blobs: 1, distance transform: 1
	F-measure: 0.610169

Fruta: 1, treino: ../acerola_79im.xml, canal: 0, threshold: 80, cortar blobs: 1, distance transform: 1
	F-measure: 0.593137

Fruta: 1, treino: ../acerola_79im.xml, canal: 0, threshold: 90, cortar blobs: 1, distance transform: 1
	F-measure: 0.595533

Fruta: 1, treino: ../acerola_79im.xml, canal: 0, threshold: 100, cortar blobs: 1, distance transform: 1
	F-measure: 0.586466

Fruta: 1, treino: ../acerola_79im.xml, canal: 1, threshold: 10, cortar blobs: 1, distance transform: 1
	F-measure: 0.567568

Fruta: 1, treino: ../acerola_79im.xml, canal: 1, threshold: 20, cortar blobs: 1, distance transform: 1
	F-measure: 0.598214

Fruta: 1, treino: ../acerola_79im.xml, canal: 1, threshold: 30, cortar blobs: 1, distance transform: 1
	F-measure: 0.621027

Fruta: 1, treino: ../acerola_79im.xml, canal: 1, threshold: 40, cortar blobs: 1, distance transform: 1
	F-measure: 0.586466

Fruta: 1, treino: ../acerola_79im.xml, canal: 1, threshold: 50, cortar blobs: 1, distance transform: 1
	F-measure: 0.582915

Fruta: 1, treino: ../acerola_79im.xml, canal: 1, threshold: 60, cortar blobs: 1, distance transform: 1
	F-measure: 0.582915

Fruta: 1, treino: ../acerola_79im.xml, canal: 1, threshold: 70, cortar blobs: 1, distance transform: 1
	F-measure: 0.582915

Fruta: 1, treino: ../acerola_79im.xml, canal: 1, threshold: 80, cortar blobs: 1, distance transform: 1
	F-measure: 0.582915

Fruta: 1, treino: ../acerola_79im.xml, canal: 1, threshold: 90, cortar blobs: 1, distance transform: 1
	F-measure: 0.582915

Fruta: 1, treino: ../acerola_79im.xml, canal: 1, threshold: 100, cortar blobs: 1, distance transform: 1
	F-measure: 0.582915

Fruta: 1, treino: ../acerola_79im.xml, canal: 2, threshold: 10, cortar blobs: 1, distance transform: 1
	F-measure: 0.575251

Fruta: 1, treino: ../acerola_79im.xml, canal: 2, threshold: 20, cortar blobs: 1, distance transform: 1
	F-measure: 0.615741

Fruta: 1, treino: ../acerola_79im.xml, canal: 2, threshold: 30, cortar blobs: 1, distance transform: 1
	F-measure: 0.593516

Fruta: 1, treino: ../acerola_79im.xml, canal: 2, threshold: 40, cortar blobs: 1, distance transform: 1
	F-measure: 0.586466

Fruta: 1, treino: ../acerola_79im.xml, canal: 2, threshold: 50, cortar blobs: 1, distance transform: 1
	F-measure: 0.582915

Fruta: 1, treino: ../acerola_79im.xml, canal: 2, threshold: 60, cortar blobs: 1, distance transform: 1
	F-measure: 0.582915

Fruta: 1, treino: ../acerola_79im.xml, canal: 2, threshold: 70, cortar blobs: 1, distance transform: 1
	F-measure: 0.582915

Fruta: 1, treino: ../acerola_79im.xml, canal: 2, threshold: 80, cortar blobs: 1, distance transform: 1
	F-measure: 0.582915

Fruta: 1, treino: ../acerola_79im.xml, canal: 2, threshold: 90, cortar blobs: 1, distance transform: 1
	F-measure: 0.582915

Fruta: 1, treino: ../acerola_79im.xml, canal: 2, threshold: 100, cortar blobs: 1, distance transform: 1
	F-measure: 0.582915
